#
# A fatal error has been detected by the Java Runtime Environment:
#
#  SIGSEGV (0xb) at pc=0x0000000110b692ce, pid=41194, tid=775
#
# JRE version: Java(TM) SE Runtime Environment (8.0_60-b27) (build 1.8.0_60-b27)
# Java VM: Java HotSpot(TM) 64-Bit Server VM (25.60-b23 mixed mode bsd-amd64 compressed oops)
# Problematic frame:
# V  [libjvm.dylib+0x1692ce]
#
# Failed to write core dump. Core dumps have been disabled. To enable core dumping, try "ulimit -c unlimited" before starting Java again
#
# If you would like to submit a bug report, please visit:
#   http://bugreport.java.com/bugreport/crash.jsp
#

---------------  T H R E A D  ---------------

Current thread is native thread

siginfo: si_signo: 11 (SIGSEGV), si_code: 1 (SEGV_MAPERR), si_addr: 0x0000000000000270

Registers:
RAX=0x0000000000000000, RBX=0x0000000000000000, RCX=0x0000000110d1121b, RDX=0x00007ff3820ec1f8
RSP=0x00007fff5045eb90, RBP=0x00007fff5045eba0, RSI=0x0000000000000006, RDI=0x00007fff5045ebe0
R8 =0x0000000000000000, R9 =0x0000000000000500, R10=0x0000000118e03e90, R11=0x00007ff386e02470
R12=0x00007ff3820ec1f8, R13=0x00007ff380ef0f20, R14=0x00007ff3820ec1f8, R15=0x0000000000000000
RIP=0x0000000110b692ce, EFLAGS=0x0000000000010246, ERR=0x0000000000000006
  TRAPNO=0x000000000000000e

Top of Stack: (sp=0x00007fff5045eb90)
0x00007fff5045eb90:   00007ff380d424b0 00007ff3820ec1f8
0x00007fff5045eba0:   00007fff5045ec00 0000000110d1124b
0x00007fff5045ebb0:   f8d0d5bc9df100a1 00007ff3868018a0
0x00007fff5045ebc0:   00007ff381b23800 00007ff380ee8b80
0x00007fff5045ebd0:   00007fff5045ec00 0000000131ef96e9
0x00007fff5045ebe0:   0000000000000000 00007ff380dc6790
0x00007fff5045ebf0:   00007ff381b23800 00007ff380ee8b80
0x00007fff5045ec00:   00007fff5045ec60 0000000131e59ebb
0x00007fff5045ec10:   f8d0d5bc9df100a1 0000000000000000
0x00007fff5045ec20:   410c108278782647 0000000000000000
0x00007fff5045ec30:   00007fff5045ec60 00007ff380ee8b80
0x00007fff5045ec40:   00007ff3868018a0 00007ff380ef0f20
0x00007fff5045ec50:   00007ff380ee8b80 00007fff97726b40
0x00007fff5045ec60:   00007fff5045ece0 00007fff88872211
0x00007fff5045ec70:   00007ff38299f000 0000000000000000
0x00007fff5045ec80:   000002fc5045ecc0 00007ff381b23800
0x00007fff5045ec90:   0000000000000000 0000000000000000
0x00007fff5045eca0:   0000000400000000 410c108278782647
0x00007fff5045ecb0:   00007fff5045ece0 00007ff380ee8b80
0x00007fff5045ecc0:   0000000000000004 0000000000000000
0x00007fff5045ecd0:   00007fff97726b40 00007fff81170e11
0x00007fff5045ece0:   00007fff5045ed50 00007fff88871d8f
0x00007fff5045ecf0:   4000000000000000 4084000000000000
0x00007fff5045ed00:   4077e00000000000 0000000000000000
0x00007fff5045ed10:   0000000000000000 4084000000000000
0x00007fff5045ed20:   4077e00000000000 00007fff5045ee20
0x00007fff5045ed30:   00007ff386800ea8 0000000000000000
0x00007fff5045ed40:   00007fff81179aa3 00007ff38299f000
0x00007fff5045ed50:   00007fff5045fe20 00007fff88884f6e
0x00007fff5045ed60:   00007fff5045fe20 00007fff88884e44
0x00007fff5045ed70:   00007ff386800ea8 00007ff386800ea8
0x00007fff5045ed80:   00007ff386800e00 00007ff38299f000 

Instructions: (pc=0x0000000110b692ce)
0x0000000110b692ae:   0e 48 8b 0b 49 8b 56 18 48 63 c0 48 89 0c c2 5b
0x0000000110b692be:   41 5e 5d c3 90 90 55 48 89 e5 41 56 53 48 8b 1f
0x0000000110b692ce:   c7 83 70 02 00 00 05 00 00 00 48 8d 05 d9 50 77
0x0000000110b692de:   00 8b 00 83 f8 01 41 89 f6 75 0c 48 8d 0d 16 b8 

Register to memory mapping:

RAX=0x0000000000000000 is an unknown value
RBX=0x0000000000000000 is an unknown value
RCX=0x0000000110d1121b: jni_NewLocalRef+0 in /Library/Java/JavaVirtualMachines/jdk1.8.0_60.jdk/Contents/Home/jre/lib/server/libjvm.dylib at 0x0000000110a00000
RDX=0x00007ff3820ec1f8 is an unknown value
RSP=0x00007fff5045eb90 is an unknown value
RBP=0x00007fff5045eba0 is an unknown value
RSI=0x0000000000000006 is an unknown value
RDI=0x00007fff5045ebe0 is an unknown value
R8 =0x0000000000000000 is an unknown value
R9 =0x0000000000000500 is an unknown value
R10=0x0000000118e03e90: OBJC_CLASS_$_JNFJObjectWrapper+0 in /System/Library/Frameworks/JavaVM.framework/Versions/A/Frameworks/JavaNativeFoundation.framework/Versions/A/JavaNativeFoundation at 0x0000000118df9000
R11=0x00007ff386e02470 is an unknown value
R12=0x00007ff3820ec1f8 is an unknown value
R13=0x00007ff380ef0f20 is an unknown value
R14=0x00007ff3820ec1f8 is an unknown value
R15=0x0000000000000000 is an unknown value


Stack: [0x00007fff4fc63000,0x00007fff50463000],  sp=0x00007fff5045eb90,  free space=8174k
Native frames: (J=compiled Java code, j=interpreted, Vv=VM code, C=native code)
V  [libjvm.dylib+0x1692ce]
V  [libjvm.dylib+0x31124b]
C  [libawt_lwawt.dylib+0x19ebb]  -[CGLLayer drawInCGLContext:pixelFormat:forLayerTime:displayTime:]+0xee
C  [QuartzCore+0x111211]  _ZL17CAOpenGLLayerDrawP13CAOpenGLLayerdPK11CVTimeStampj+0x369
C  [QuartzCore+0x110d8f]  -[CAOpenGLLayer _display]+0x15f
C  [QuartzCore+0x123f6e]  _ZN2CA5Layer17display_if_neededEPNS_11TransactionE+0x23c
C  [QuartzCore+0x124099]  _ZN2CA5Layer28layout_and_display_if_neededEPNS_11TransactionE+0x23
C  [QuartzCore+0x119878]  _ZN2CA7Context18commit_transactionEPNS_11TransactionE+0x118
C  [QuartzCore+0x10631]  _ZN2CA11Transaction6commitEv+0x1db
C  [QuartzCore+0x10f92]  _ZN2CA11Transaction17observer_callbackEP19__CFRunLoopObservermPv+0x6c
C  [CoreFoundation+0xa42d7]  __CFRUNLOOP_IS_CALLING_OUT_TO_AN_OBSERVER_CALLBACK_FUNCTION__+0x17
C  [CoreFoundation+0xa4247]  __CFRunLoopDoObservers+0x187
C  [CoreFoundation+0x8526e]  __CFRunLoopRun+0x4be
C  [CoreFoundation+0x84b54]  CFRunLoopRunSpecific+0x1a4
C  [java+0x6463]  CreateExecutionEnvironment+0x367
C  [java+0x21ac]  JLI_Launch+0x7a0
C  [java+0x84c0]  main+0x65
C  [java+0x1a04]  start+0x34


---------------  P R O C E S S  ---------------

VM state:not at safepoint (normal execution)

VM Mutex/Monitor currently owned by a thread: None

Heap:
 PSYoungGen      total 550400K, used 169968K [0x0000000795580000, 0x00000007c0000000, 0x00000007c0000000)
  eden space 439808K, 38% used [0x0000000795580000,0x000000079fb7c3c8,0x00000007b0300000)
  from space 110592K, 0% used [0x00000007b9400000,0x00000007b9400000,0x00000007c0000000)
  to   space 129536K, 0% used [0x00000007b0300000,0x00000007b0300000,0x00000007b8180000)
 ParOldGen       total 270336K, used 143107K [0x0000000740000000, 0x0000000750800000, 0x0000000795580000)
  object space 270336K, 52% used [0x0000000740000000,0x0000000748bc0d68,0x0000000750800000)
 Metaspace       used 27995K, capacity 28682K, committed 28928K, reserved 1075200K
  class space    used 3614K, capacity 3784K, committed 3840K, reserved 1048576K

Card table byte_map: [0x0000000111d49000,0x000000011214a000] byte_map_base: 0x000000010e349000

Marking Bits: (ParMarkBitMap*) 0x00000001112dee20
 Begin Bits: [0x00000001123f5000, 0x00000001143f5000)
 End Bits:   [0x00000001143f5000, 0x00000001163f5000)

Polling page: 0x000000010f85d000

CodeCache: size=245760Kb used=9663Kb max_used=9663Kb free=236096Kb
 bounds [0x0000000119548000, 0x0000000119ec8000, 0x0000000128548000]
 total_blobs=4170 nmethods=3103 adapters=980
 compilation: enabled

Compilation events (10 events):
Event: 48.536 Thread 0x00007ff381802000 3329       1       java.lang.invoke.MethodHandleImpl$IntrinsicMethodHandle::getTarget (5 bytes)
Event: 48.536 Thread 0x00007ff381802000 nmethod 3329 0x0000000119ebd6d0 code [0x0000000119ebd820, 0x0000000119ebd930]
Event: 48.537 Thread 0x00007ff381802000 3330       3       java.lang.invoke.DirectMethodHandle::make (199 bytes)
Event: 48.539 Thread 0x00007ff381802000 nmethod 3330 0x0000000119ebb010 code [0x0000000119ebb340, 0x0000000119ebcb68]
Event: 48.539 Thread 0x00007ff381802000 3331       3       java.lang.invoke.MemberName::isField (7 bytes)
Event: 48.539 Thread 0x00007ff381802000 nmethod 3331 0x0000000119ebf550 code [0x0000000119ebf6c0, 0x0000000119ebf930]
Event: 48.539 Thread 0x00007ff381802000 3332       3       java.lang.invoke.DirectMethodHandle::<init> (132 bytes)
Event: 48.540 Thread 0x00007ff381802000 nmethod 3332 0x0000000119ebfa10 code [0x0000000119ebfcc0, 0x0000000119ec14d8]
Event: 48.566 Thread 0x00007ff381802000 3333       3       sun.java2d.pipe.DrawImage::scaleSurfaceData (79 bytes)
Event: 48.566 Thread 0x00007ff381802000 nmethod 3333 0x0000000119ec1dd0 code [0x0000000119ec1f80, 0x0000000119ec2768]

GC Heap History (10 events):
Event: 38.780 GC heap before
{Heap before GC invocations=18 (full 4):
 PSYoungGen      total 445952K, used 441918K [0x0000000795580000, 0x00000007bcb80000, 0x00000007c0000000)
  eden space 386048K, 100% used [0x0000000795580000,0x00000007ace80000,0x00000007ace80000)
  from space 59904K, 93% used [0x00000007ace80000,0x00000007b050fb58,0x00000007b0900000)
  to   space 68096K, 0% used [0x00000007b8900000,0x00000007b8900000,0x00000007bcb80000)
 ParOldGen       total 160768K, used 101992K [0x0000000740000000, 0x0000000749d00000, 0x0000000795580000)
  object space 160768K, 63% used [0x0000000740000000,0x000000074639a370,0x0000000749d00000)
 Metaspace       used 27672K, capacity 28362K, committed 28672K, reserved 1075200K
  class space    used 3589K, capacity 3772K, committed 3840K, reserved 1048576K
Event: 38.832 GC heap after
Heap after GC invocations=18 (full 4):
 PSYoungGen      total 550400K, used 68064K [0x0000000795580000, 0x00000007c0000000, 0x00000007c0000000)
  eden space 482304K, 0% used [0x0000000795580000,0x0000000795580000,0x00000007b2c80000)
  from space 68096K, 99% used [0x00000007b8900000,0x00000007bcb78020,0x00000007bcb80000)
  to   space 94720K, 0% used [0x00000007b2c80000,0x00000007b2c80000,0x00000007b8900000)
 ParOldGen       total 160768K, used 143300K [0x0000000740000000, 0x0000000749d00000, 0x0000000795580000)
  object space 160768K, 89% used [0x0000000740000000,0x0000000748bf1230,0x0000000749d00000)
 Metaspace       used 27672K, capacity 28362K, committed 28672K, reserved 1075200K
  class space    used 3589K, capacity 3772K, committed 3840K, reserved 1048576K
}
Event: 38.832 GC heap before
{Heap before GC invocations=19 (full 5):
 PSYoungGen      total 550400K, used 68064K [0x0000000795580000, 0x00000007c0000000, 0x00000007c0000000)
  eden space 482304K, 0% used [0x0000000795580000,0x0000000795580000,0x00000007b2c80000)
  from space 68096K, 99% used [0x00000007b8900000,0x00000007bcb78020,0x00000007bcb80000)
  to   space 94720K, 0% used [0x00000007b2c80000,0x00000007b2c80000,0x00000007b8900000)
 ParOldGen       total 160768K, used 143300K [0x0000000740000000, 0x0000000749d00000, 0x0000000795580000)
  object space 160768K, 89% used [0x0000000740000000,0x0000000748bf1230,0x0000000749d00000)
 Metaspace       used 27672K, capacity 28362K, committed 28672K, reserved 1075200K
  class space    used 3589K, capacity 3772K, committed 3840K, reserved 1048576K
Event: 38.866 GC heap after
Heap after GC invocations=19 (full 5):
 PSYoungGen      total 550400K, used 0K [0x0000000795580000, 0x00000007c0000000, 0x00000007c0000000)
  eden space 482304K, 0% used [0x0000000795580000,0x0000000795580000,0x00000007b2c80000)
  from space 68096K, 0% used [0x00000007b8900000,0x00000007b8900000,0x00000007bcb80000)
  to   space 94720K, 0% used [0x00000007b2c80000,0x00000007b2c80000,0x00000007b8900000)
 ParOldGen       total 230400K, used 118264K [0x0000000740000000, 0x000000074e100000, 0x0000000795580000)
  object space 230400K, 51% used [0x0000000740000000,0x000000074737e0c0,0x000000074e100000)
 Metaspace       used 27672K, capacity 28362K, committed 28672K, reserved 1075200K
  class space    used 3589K, capacity 3772K, committed 3840K, reserved 1048576K
}
Event: 42.983 GC heap before
{Heap before GC invocations=20 (full 5):
 PSYoungGen      total 550400K, used 482304K [0x0000000795580000, 0x00000007c0000000, 0x00000007c0000000)
  eden space 482304K, 100% used [0x0000000795580000,0x00000007b2c80000,0x00000007b2c80000)
  from space 68096K, 0% used [0x00000007b8900000,0x00000007b8900000,0x00000007bcb80000)
  to   space 94720K, 0% used [0x00000007b2c80000,0x00000007b2c80000,0x00000007b8900000)
 ParOldGen       total 230400K, used 118264K [0x0000000740000000, 0x000000074e100000, 0x0000000795580000)
  object space 230400K, 51% used [0x0000000740000000,0x000000074737e0c0,0x000000074e100000)
 Metaspace       used 27924K, capacity 28626K, committed 28928K, reserved 1075200K
  class space    used 3606K, capacity 3772K, committed 3840K, reserved 1048576K
Event: 43.094 GC heap after
Heap after GC invocations=20 (full 5):
 PSYoungGen      total 577024K, used 94525K [0x0000000795580000, 0x00000007c0000000, 0x00000007c0000000)
  eden space 482304K, 0% used [0x0000000795580000,0x0000000795580000,0x00000007b2c80000)
  from space 94720K, 99% used [0x00000007b2c80000,0x00000007b88cf760,0x00000007b8900000)
  to   space 110592K, 0% used [0x00000007b9400000,0x00000007b9400000,0x00000007c0000000)
 ParOldGen       total 230400K, used 158777K [0x0000000740000000, 0x000000074e100000, 0x0000000795580000)
  object space 230400K, 68% used [0x0000000740000000,0x0000000749b0e4d0,0x000000074e100000)
 Metaspace       used 27924K, capacity 28626K, committed 28928K, reserved 1075200K
  class space    used 3606K, capacity 3772K, committed 3840K, reserved 1048576K
}
Event: 47.245 GC heap before
{Heap before GC invocations=21 (full 5):
 PSYoungGen      total 577024K, used 576829K [0x0000000795580000, 0x00000007c0000000, 0x00000007c0000000)
  eden space 482304K, 100% used [0x0000000795580000,0x00000007b2c80000,0x00000007b2c80000)
  from space 94720K, 99% used [0x00000007b2c80000,0x00000007b88cf760,0x00000007b8900000)
  to   space 110592K, 0% used [0x00000007b9400000,0x00000007b9400000,0x00000007c0000000)
 ParOldGen       total 230400K, used 158777K [0x0000000740000000, 0x000000074e100000, 0x0000000795580000)
  object space 230400K, 68% used [0x0000000740000000,0x0000000749b0e4d0,0x000000074e100000)
 Metaspace       used 27942K, capacity 28626K, committed 28928K, reserved 1075200K
  class space    used 3606K, capacity 3772K, committed 3840K, reserved 1048576K
Event: 47.302 GC heap after
Heap after GC invocations=21 (full 5):
 PSYoungGen      total 550400K, used 110390K [0x0000000795580000, 0x00000007c0000000, 0x00000007c0000000)
  eden space 439808K, 0% used [0x0000000795580000,0x0000000795580000,0x00000007b0300000)
  from space 110592K, 99% used [0x00000007b9400000,0x00000007bffcd9d0,0x00000007c0000000)
  to   space 129536K, 0% used [0x00000007b0300000,0x00000007b0300000,0x00000007b8180000)
 ParOldGen       total 230400K, used 184212K [0x0000000740000000, 0x000000074e100000, 0x0000000795580000)
  object space 230400K, 79% used [0x0000000740000000,0x000000074b3e53a0,0x000000074e100000)
 Metaspace       used 27942K, capacity 28626K, committed 28928K, reserved 1075200K
  class space    used 3606K, capacity 3772K, committed 3840K, reserved 1048576K
}
Event: 47.303 GC heap before
{Heap before GC invocations=22 (full 6):
 PSYoungGen      total 550400K, used 110390K [0x0000000795580000, 0x00000007c0000000, 0x00000007c0000000)
  eden space 439808K, 0% used [0x0000000795580000,0x0000000795580000,0x00000007b0300000)
  from space 110592K, 99% used [0x00000007b9400000,0x00000007bffcd9d0,0x00000007c0000000)
  to   space 129536K, 0% used [0x00000007b0300000,0x00000007b0300000,0x00000007b8180000)
 ParOldGen       total 230400K, used 184212K [0x0000000740000000, 0x000000074e100000, 0x0000000795580000)
  object space 230400K, 79% used [0x0000000740000000,0x000000074b3e53a0,0x000000074e100000)
 Metaspace       used 27942K, capacity 28626K, committed 28928K, reserved 1075200K
  class space    used 3606K, capacity 3772K, committed 3840K, reserved 1048576K
Event: 47.345 GC heap after
Heap after GC invocations=22 (full 6):
 PSYoungGen      total 550400K, used 0K [0x0000000795580000, 0x00000007c0000000, 0x00000007c0000000)
  eden space 439808K, 0% used [0x0000000795580000,0x0000000795580000,0x00000007b0300000)
  from space 110592K, 0% used [0x00000007b9400000,0x00000007b9400000,0x00000007c0000000)
  to   space 129536K, 0% used [0x00000007b0300000,0x00000007b0300000,0x00000007b8180000)
 ParOldGen       total 270336K, used 143107K [0x0000000740000000, 0x0000000750800000, 0x0000000795580000)
  object space 270336K, 52% used [0x0000000740000000,0x0000000748bc0d68,0x0000000750800000)
 Metaspace       used 27942K, capacity 28626K, committed 28928K, reserved 1075200K
  class space    used 3606K, capacity 3772K, committed 3840K, reserved 1048576K
}

Deoptimization events (10 events):
Event: 21.964 Thread 0x00007ff381a4a000 Uncommon trap: reason=unstable_if action=reinterpret pc=0x0000000119cacb08 method=java.lang.AbstractStringBuilder.append(I)Ljava/lang/AbstractStringBuilder; @ 16
Event: 31.586 Thread 0x00007ff381416000 Uncommon trap: reason=unstable_if action=reinterpret pc=0x0000000119d1ba18 method=java.awt.image.DirectColorModel.getsRGBComponentFromsRGB(II)I @ 20
Event: 32.603 Thread 0x00007ff3819e2000 Uncommon trap: reason=bimorphic action=maybe_recompile pc=0x0000000119ced880 method=de.yadrone.base.command.ATCommand.getCommandString(I)Ljava/lang/String; @ 10
Event: 32.604 Thread 0x00007ff3819e2000 Uncommon trap: reason=bimorphic action=maybe_recompile pc=0x0000000119cb4e64 method=de.yadrone.base.command.ATCommand.getParametersString()Ljava/lang/String; @ 9
Event: 32.632 Thread 0x00007ff3819e2000 Uncommon trap: reason=bimorphic action=maybe_recompile pc=0x0000000119ced880 method=de.yadrone.base.command.ATCommand.getCommandString(I)Ljava/lang/String; @ 10
Event: 32.632 Thread 0x00007ff3819e2000 Uncommon trap: reason=bimorphic action=maybe_recompile pc=0x0000000119cb4e64 method=de.yadrone.base.command.ATCommand.getParametersString()Ljava/lang/String; @ 9
Event: 48.515 Thread 0x00007ff3820ec000 Uncommon trap: reason=unstable_if action=reinterpret pc=0x0000000119e65e38 method=java.util.HashMap$HashIterator.<init>(Ljava/util/HashMap;)V @ 45
Event: 48.537 Thread 0x00007ff3820ec000 Uncommon trap: reason=unstable_if action=reinterpret pc=0x0000000119ca3a90 method=java.util.concurrent.locks.ReentrantLock$Sync.nonfairTryAcquire(I)Z @ 34
Event: 48.537 Thread 0x00007ff3820ec000 Uncommon trap: reason=unstable_if action=reinterpret pc=0x0000000119c543b8 method=java.util.concurrent.locks.ReentrantLock$Sync.tryRelease(I)Z @ 28
Event: 48.537 Thread 0x00007ff384024000 Uncommon trap: reason=unstable_if action=reinterpret pc=0x0000000119d196d4 method=java.security.AccessControlContext.optimize()Ljava/security/AccessControlContext; @ 49

Internal exceptions (10 events):
Event: 32.520 Thread 0x00007ff3819e2000 Exception <a 'java/io/IOException'> (0x00000007a71e19d0) thrown at [/Users/java_re/workspace/8-2-build-macosx-x86_64/jdk8u60/4407/hotspot/src/share/vm/prims/jni.cpp, line 709]
Event: 32.520 Thread 0x00007ff3819e2000 Exception <a 'java/io/IOException'> (0x00000007a71e3c08) thrown at [/Users/java_re/workspace/8-2-build-macosx-x86_64/jdk8u60/4407/hotspot/src/share/vm/prims/jni.cpp, line 709]
Event: 32.520 Thread 0x00007ff3819e2000 Exception <a 'java/io/IOException'> (0x00000007a71e5e40) thrown at [/Users/java_re/workspace/8-2-build-macosx-x86_64/jdk8u60/4407/hotspot/src/share/vm/prims/jni.cpp, line 709]
Event: 32.520 Thread 0x00007ff3819e2000 Exception <a 'java/io/IOException'> (0x00000007a71e8078) thrown at [/Users/java_re/workspace/8-2-build-macosx-x86_64/jdk8u60/4407/hotspot/src/share/vm/prims/jni.cpp, line 709]
Event: 32.520 Thread 0x00007ff3819e2000 Exception <a 'java/io/IOException'> (0x00000007a71ea2b0) thrown at [/Users/java_re/workspace/8-2-build-macosx-x86_64/jdk8u60/4407/hotspot/src/share/vm/prims/jni.cpp, line 709]
Event: 32.520 Thread 0x00007ff3819e2000 Exception <a 'java/io/IOException'> (0x00000007a71ec4e8) thrown at [/Users/java_re/workspace/8-2-build-macosx-x86_64/jdk8u60/4407/hotspot/src/share/vm/prims/jni.cpp, line 709]
Event: 32.520 Thread 0x00007ff3819e2000 Exception <a 'java/io/IOException'> (0x00000007a71ee720) thrown at [/Users/java_re/workspace/8-2-build-macosx-x86_64/jdk8u60/4407/hotspot/src/share/vm/prims/jni.cpp, line 709]
Event: 32.520 Thread 0x00007ff3819e2000 Exception <a 'java/io/IOException'> (0x00000007a71f0958) thrown at [/Users/java_re/workspace/8-2-build-macosx-x86_64/jdk8u60/4407/hotspot/src/share/vm/prims/jni.cpp, line 709]
Event: 32.520 Thread 0x00007ff3819e2000 Exception <a 'java/io/IOException'> (0x00000007a71f2b90) thrown at [/Users/java_re/workspace/8-2-build-macosx-x86_64/jdk8u60/4407/hotspot/src/share/vm/prims/jni.cpp, line 709]
Event: 48.537 Thread 0x00007ff384024000 Implicit null exception at 0x0000000119d18e00 to 0x0000000119d196c1

Events (10 events):
Event: 48.537 Thread 0x00007ff3820da000 Thread exited: 0x00007ff3820da000
Event: 48.537 Thread 0x00007ff382002000 Thread exited: 0x00007ff382002000
Event: 48.537 Executing VM operation: RevokeBias
Event: 48.537 Executing VM operation: RevokeBias done
Event: 48.537 Thread 0x00007ff384024000 Thread added: 0x00007ff384024000
Event: 48.537 Thread 0x00007ff382567800 Thread exited: 0x00007ff382567800
Event: 48.537 Thread 0x00007ff3820ec000 Thread exited: 0x00007ff3820ec000
Event: 48.537 Thread 0x00007ff384024000 Uncommon trap: trap_request=0xffffff65 fr.pc=0x0000000119d196d4
Event: 48.537 Thread 0x00007ff384024000 DEOPT PACKING pc=0x0000000119d196d4 sp=0x0000700001771700
Event: 48.537 Thread 0x00007ff384024000 DEOPT UNPACKING pc=0x000000011954d229 sp=0x00007000017716b8 mode 2


Dynamic libraries:
0x000000000d511000 	/System/Library/Frameworks/Cocoa.framework/Versions/A/Cocoa
0x000000000d511000 	/System/Library/Frameworks/Security.framework/Versions/A/Security
0x000000000d511000 	/System/Library/Frameworks/ApplicationServices.framework/Versions/A/ApplicationServices
0x000000000d511000 	/usr/lib/libz.1.dylib
0x000000000d511000 	/usr/lib/libSystem.B.dylib
0x000000000d511000 	/usr/lib/libobjc.A.dylib
0x000000000d511000 	/System/Library/Frameworks/CoreFoundation.framework/Versions/A/CoreFoundation
0x000000000d511000 	/System/Library/Frameworks/Foundation.framework/Versions/C/Foundation
0x000000000d511000 	/System/Library/Frameworks/AppKit.framework/Versions/C/AppKit
0x000000000d511000 	/System/Library/Frameworks/CoreData.framework/Versions/A/CoreData
0x000000000d511000 	/System/Library/PrivateFrameworks/RemoteViewServices.framework/Versions/A/RemoteViewServices
0x000000000d511000 	/System/Library/PrivateFrameworks/UIFoundation.framework/Versions/A/UIFoundation
0x000000000d511000 	/System/Library/PrivateFrameworks/DFRFoundation.framework/Versions/A/DFRFoundation
0x000000000d511000 	/usr/lib/libenergytrace.dylib
0x000000000d511000 	/System/Library/PrivateFrameworks/SkyLight.framework/Versions/A/SkyLight
0x000000000d511000 	/System/Library/Frameworks/CoreGraphics.framework/Versions/A/CoreGraphics
0x000000000d511000 	/usr/lib/libScreenReader.dylib
0x000000000d511000 	/System/Library/Frameworks/Accelerate.framework/Versions/A/Accelerate
0x000000000d511000 	/System/Library/Frameworks/IOSurface.framework/Versions/A/IOSurface
0x000000000d511000 	/System/Library/Frameworks/AudioToolbox.framework/Versions/A/AudioToolbox
0x000000000d511000 	/System/Library/Frameworks/AudioUnit.framework/Versions/A/AudioUnit
0x000000000d511000 	/System/Library/PrivateFrameworks/DataDetectorsCore.framework/Versions/A/DataDetectorsCore
0x000000000d511000 	/System/Library/PrivateFrameworks/DesktopServicesPriv.framework/Versions/A/DesktopServicesPriv
0x000000000d511000 	/System/Library/Frameworks/Carbon.framework/Versions/A/Frameworks/HIToolbox.framework/Versions/A/HIToolbox
0x000000000d511000 	/usr/lib/libicucore.A.dylib
0x000000000d511000 	/System/Library/Frameworks/QuartzCore.framework/Versions/A/QuartzCore
0x000000000d511000 	/System/Library/Frameworks/Carbon.framework/Versions/A/Frameworks/SpeechRecognition.framework/Versions/A/SpeechRecognition
0x000000000d511000 	/usr/lib/libauto.dylib
0x000000000d511000 	/usr/lib/libxml2.2.dylib
0x000000000d511000 	/System/Library/PrivateFrameworks/CoreUI.framework/Versions/A/CoreUI
0x000000000d511000 	/System/Library/Frameworks/CoreAudio.framework/Versions/A/CoreAudio
0x000000000d511000 	/System/Library/Frameworks/DiskArbitration.framework/Versions/A/DiskArbitration
0x000000000d511000 	/usr/lib/liblangid.dylib
0x000000000d511000 	/System/Library/PrivateFrameworks/MultitouchSupport.framework/Versions/A/MultitouchSupport
0x000000000d511000 	/System/Library/Frameworks/IOKit.framework/Versions/A/IOKit
0x000000000d511000 	/usr/lib/libDiagnosticMessagesClient.dylib
0x000000000d511000 	/System/Library/Frameworks/CoreServices.framework/Versions/A/CoreServices
0x000000000d511000 	/System/Library/PrivateFrameworks/PerformanceAnalysis.framework/Versions/A/PerformanceAnalysis
0x000000000d511000 	/System/Library/PrivateFrameworks/GenerationalStorage.framework/Versions/A/GenerationalStorage
0x000000000d511000 	/System/Library/Frameworks/OpenGL.framework/Versions/A/OpenGL
0x000000000d511000 	/System/Library/Frameworks/CoreImage.framework/Versions/A/CoreImage
0x000000000d511000 	/System/Library/Frameworks/CoreText.framework/Versions/A/CoreText
0x000000000d511000 	/System/Library/Frameworks/ImageIO.framework/Versions/A/ImageIO
0x000000000d511000 	/System/Library/PrivateFrameworks/Backup.framework/Versions/A/Backup
0x000000000d511000 	/usr/lib/libarchive.2.dylib
0x000000000d511000 	/System/Library/Frameworks/CFNetwork.framework/Versions/A/CFNetwork
0x000000000d511000 	/System/Library/Frameworks/SystemConfiguration.framework/Versions/A/SystemConfiguration
0x000000000d511000 	/usr/lib/libCRFSuite.dylib
0x000000000d511000 	/usr/lib/libc++.1.dylib
0x000000000d511000 	/usr/lib/libc++abi.dylib
0x000000000d511000 	/usr/lib/system/libcache.dylib
0x000000000d511000 	/usr/lib/system/libcommonCrypto.dylib
0x000000000d511000 	/usr/lib/system/libcompiler_rt.dylib
0x000000000d511000 	/usr/lib/system/libcopyfile.dylib
0x000000000d511000 	/usr/lib/system/libcorecrypto.dylib
0x000000000d511000 	/usr/lib/system/libdispatch.dylib
0x000000000d511000 	/usr/lib/system/libdyld.dylib
0x000000000d511000 	/usr/lib/system/libkeymgr.dylib
0x000000000d511000 	/usr/lib/system/liblaunch.dylib
0x000000000d511000 	/usr/lib/system/libmacho.dylib
0x000000000d511000 	/usr/lib/system/libquarantine.dylib
0x000000000d511000 	/usr/lib/system/libremovefile.dylib
0x000000000d511000 	/usr/lib/system/libsystem_asl.dylib
0x000000000d511000 	/usr/lib/system/libsystem_blocks.dylib
0x000000000d511000 	/usr/lib/system/libsystem_c.dylib
0x000000000d511000 	/usr/lib/system/libsystem_configuration.dylib
0x000000000d511000 	/usr/lib/system/libsystem_coreservices.dylib
0x000000000d511000 	/usr/lib/system/libsystem_coretls.dylib
0x000000000d511000 	/usr/lib/system/libsystem_dnssd.dylib
0x000000000d511000 	/usr/lib/system/libsystem_info.dylib
0x000000000d511000 	/usr/lib/system/libsystem_kernel.dylib
0x000000000d511000 	/usr/lib/system/libsystem_m.dylib
0x000000000d511000 	/usr/lib/system/libsystem_malloc.dylib
0x000000000d511000 	/usr/lib/system/libsystem_network.dylib
0x000000000d511000 	/usr/lib/system/libsystem_networkextension.dylib
0x000000000d511000 	/usr/lib/system/libsystem_notify.dylib
0x000000000d511000 	/usr/lib/system/libsystem_platform.dylib
0x000000000d511000 	/usr/lib/system/libsystem_pthread.dylib
0x000000000d511000 	/usr/lib/system/libsystem_sandbox.dylib
0x000000000d511000 	/usr/lib/system/libsystem_secinit.dylib
0x000000000d511000 	/usr/lib/system/libsystem_symptoms.dylib
0x000000000d511000 	/usr/lib/system/libsystem_trace.dylib
0x000000000d511000 	/usr/lib/system/libunwind.dylib
0x000000000d511000 	/usr/lib/system/libxpc.dylib
0x000000000d511000 	/usr/lib/libbsm.0.dylib
0x000000000d511000 	/usr/lib/system/libkxld.dylib
0x000000000d511000 	/usr/lib/libcoretls.dylib
0x000000000d511000 	/usr/lib/libcoretls_cfhelpers.dylib
0x000000000d511000 	/usr/lib/libxar.1.dylib
0x000000000d511000 	/usr/lib/libsqlite3.dylib
0x000000000d511000 	/usr/lib/libpam.2.dylib
0x000000000d511000 	/usr/lib/libOpenScriptingUtil.dylib
0x000000000d511000 	/usr/lib/libbz2.1.0.dylib
0x000000000d511000 	/usr/lib/liblzma.5.dylib
0x000000000d511000 	/usr/lib/libnetwork.dylib
0x000000000d511000 	/usr/lib/libpcap.A.dylib
0x000000000d511000 	/System/Library/Frameworks/CoreServices.framework/Versions/A/Frameworks/FSEvents.framework/Versions/A/FSEvents
0x000000000d511000 	/System/Library/Frameworks/CoreServices.framework/Versions/A/Frameworks/CarbonCore.framework/Versions/A/CarbonCore
0x000000000d511000 	/System/Library/Frameworks/CoreServices.framework/Versions/A/Frameworks/Metadata.framework/Versions/A/Metadata
0x000000000d511000 	/System/Library/Frameworks/CoreServices.framework/Versions/A/Frameworks/OSServices.framework/Versions/A/OSServices
0x000000000d511000 	/System/Library/Frameworks/CoreServices.framework/Versions/A/Frameworks/SearchKit.framework/Versions/A/SearchKit
0x000000000d511000 	/System/Library/Frameworks/CoreServices.framework/Versions/A/Frameworks/AE.framework/Versions/A/AE
0x000000000d511000 	/System/Library/Frameworks/CoreServices.framework/Versions/A/Frameworks/LaunchServices.framework/Versions/A/LaunchServices
0x000000000d511000 	/System/Library/Frameworks/CoreServices.framework/Versions/A/Frameworks/DictionaryServices.framework/Versions/A/DictionaryServices
0x000000000d511000 	/System/Library/Frameworks/CoreServices.framework/Versions/A/Frameworks/SharedFileList.framework/Versions/A/SharedFileList
0x000000000d511000 	/System/Library/Frameworks/NetFS.framework/Versions/A/NetFS
0x000000000d511000 	/System/Library/PrivateFrameworks/NetAuth.framework/Versions/A/NetAuth
0x000000000d511000 	/System/Library/PrivateFrameworks/login.framework/Versions/A/Frameworks/loginsupport.framework/Versions/A/loginsupport
0x000000000d511000 	/System/Library/PrivateFrameworks/TCC.framework/Versions/A/TCC
0x000000000d511000 	/usr/lib/libmecabra.dylib
0x000000000d511000 	/System/Library/Frameworks/ApplicationServices.framework/Versions/A/Frameworks/ATS.framework/Versions/A/ATS
0x000000000d511000 	/System/Library/Frameworks/ApplicationServices.framework/Versions/A/Frameworks/ColorSync.framework/Versions/A/ColorSync
0x000000000d511000 	/System/Library/Frameworks/ApplicationServices.framework/Versions/A/Frameworks/HIServices.framework/Versions/A/HIServices
0x000000000d511000 	/System/Library/Frameworks/ApplicationServices.framework/Versions/A/Frameworks/LangAnalysis.framework/Versions/A/LangAnalysis
0x000000000d511000 	/System/Library/Frameworks/ApplicationServices.framework/Versions/A/Frameworks/PrintCore.framework/Versions/A/PrintCore
0x000000000d511000 	/System/Library/Frameworks/ApplicationServices.framework/Versions/A/Frameworks/QD.framework/Versions/A/QD
0x000000000d511000 	/System/Library/Frameworks/ApplicationServices.framework/Versions/A/Frameworks/SpeechSynthesis.framework/Versions/A/SpeechSynthesis
0x000000000d511000 	/System/Library/Frameworks/Accelerate.framework/Versions/A/Frameworks/vImage.framework/Versions/A/vImage
0x000000000d511000 	/System/Library/Frameworks/Accelerate.framework/Versions/A/Frameworks/vecLib.framework/Versions/A/vecLib
0x000000000d511000 	/System/Library/Frameworks/Accelerate.framework/Versions/A/Frameworks/vecLib.framework/Versions/A/libvDSP.dylib
0x000000000d511000 	/System/Library/Frameworks/Accelerate.framework/Versions/A/Frameworks/vecLib.framework/Versions/A/libBNNS.dylib
0x000000000d511000 	/System/Library/Frameworks/Accelerate.framework/Versions/A/Frameworks/vecLib.framework/Versions/A/libQuadrature.dylib
0x000000000d511000 	/System/Library/Frameworks/Accelerate.framework/Versions/A/Frameworks/vecLib.framework/Versions/A/libvMisc.dylib
0x000000000d511000 	/System/Library/Frameworks/Accelerate.framework/Versions/A/Frameworks/vecLib.framework/Versions/A/libLAPACK.dylib
0x000000000d511000 	/System/Library/Frameworks/Accelerate.framework/Versions/A/Frameworks/vecLib.framework/Versions/A/libBLAS.dylib
0x000000000d511000 	/System/Library/Frameworks/Accelerate.framework/Versions/A/Frameworks/vecLib.framework/Versions/A/libLinearAlgebra.dylib
0x000000000d511000 	/System/Library/Frameworks/Accelerate.framework/Versions/A/Frameworks/vecLib.framework/Versions/A/libSparseBLAS.dylib
0x000000000d511000 	/System/Library/Frameworks/ApplicationServices.framework/Versions/A/Frameworks/ATS.framework/Versions/A/Resources/libFontParser.dylib
0x000000000d511000 	/System/Library/Frameworks/ApplicationServices.framework/Versions/A/Frameworks/ATS.framework/Versions/A/Resources/libFontRegistry.dylib
0x000000000d511000 	/System/Library/Frameworks/ImageIO.framework/Versions/A/Resources/libJPEG.dylib
0x000000000d511000 	/System/Library/Frameworks/ImageIO.framework/Versions/A/Resources/libTIFF.dylib
0x000000000d511000 	/System/Library/Frameworks/ImageIO.framework/Versions/A/Resources/libPng.dylib
0x000000000d511000 	/System/Library/Frameworks/ImageIO.framework/Versions/A/Resources/libGIF.dylib
0x000000000d511000 	/System/Library/Frameworks/ImageIO.framework/Versions/A/Resources/libJP2.dylib
0x000000000d511000 	/System/Library/Frameworks/ImageIO.framework/Versions/A/Resources/libRadiance.dylib
0x000000000d511000 	/usr/lib/libcompression.dylib
0x000000000d511000 	/System/Library/PrivateFrameworks/AppleJPEG.framework/Versions/A/AppleJPEG
0x000000000d511000 	/usr/lib/libcups.2.dylib
0x000000000d511000 	/System/Library/Frameworks/Kerberos.framework/Versions/A/Kerberos
0x000000000d511000 	/System/Library/Frameworks/GSS.framework/Versions/A/GSS
0x000000000d511000 	/usr/lib/libresolv.9.dylib
0x000000000d511000 	/usr/lib/libiconv.2.dylib
0x000000000d511000 	/System/Library/PrivateFrameworks/Heimdal.framework/Versions/A/Heimdal
0x000000000d511000 	/usr/lib/libheimdal-asn1.dylib
0x000000000d511000 	/System/Library/Frameworks/OpenDirectory.framework/Versions/A/OpenDirectory
0x000000000d511000 	/System/Library/PrivateFrameworks/CommonAuth.framework/Versions/A/CommonAuth
0x000000000d511000 	/System/Library/Frameworks/OpenDirectory.framework/Versions/A/Frameworks/CFOpenDirectory.framework/Versions/A/CFOpenDirectory
0x000000000d511000 	/System/Library/Frameworks/SecurityFoundation.framework/Versions/A/SecurityFoundation
0x000000000d511000 	/System/Library/PrivateFrameworks/LanguageModeling.framework/Versions/A/LanguageModeling
0x000000000d511000 	/usr/lib/libmarisa.dylib
0x000000000d511000 	/usr/lib/libChineseTokenizer.dylib
0x000000000d511000 	/usr/lib/libcmph.dylib
0x000000000d511000 	/System/Library/PrivateFrameworks/CoreEmoji.framework/Versions/A/CoreEmoji
0x000000000d511000 	/System/Library/Frameworks/ServiceManagement.framework/Versions/A/ServiceManagement
0x000000000d511000 	/usr/lib/libxslt.1.dylib
0x000000000d511000 	/System/Library/Frameworks/Carbon.framework/Versions/A/Frameworks/Ink.framework/Versions/A/Ink
0x000000000d511000 	/System/Library/PrivateFrameworks/TextureIO.framework/Versions/A/TextureIO
0x000000000d511000 	/System/Library/Frameworks/Metal.framework/Versions/A/Metal
0x000000000d511000 	/usr/lib/libate.dylib
0x000000000d511000 	/System/Library/PrivateFrameworks/GPUCompiler.framework/libmetal_timestamp.dylib
0x000000000d511000 	/System/Library/Frameworks/OpenGL.framework/Versions/A/Libraries/libCoreFSCache.dylib
0x000000000d511000 	/System/Library/PrivateFrameworks/IOAccelerator.framework/Versions/A/IOAccelerator
0x000000000d511000 	/System/Library/Frameworks/CoreVideo.framework/Versions/A/CoreVideo
0x000000000d511000 	/usr/lib/libFosl_dynamic.dylib
0x000000000d511000 	/System/Library/PrivateFrameworks/MetalPerformanceShaders.framework/Versions/A/MetalPerformanceShaders
0x000000000d511000 	/System/Library/PrivateFrameworks/FaceCore.framework/Versions/A/FaceCore
0x000000000d511000 	/System/Library/Frameworks/OpenCL.framework/Versions/A/OpenCL
0x000000000d511000 	/System/Library/Frameworks/OpenGL.framework/Versions/A/Libraries/libGLU.dylib
0x000000000d511000 	/System/Library/Frameworks/OpenGL.framework/Versions/A/Libraries/libGFXShared.dylib
0x000000000d511000 	/System/Library/Frameworks/OpenGL.framework/Versions/A/Libraries/libGL.dylib
0x000000000d511000 	/System/Library/Frameworks/OpenGL.framework/Versions/A/Libraries/libGLImage.dylib
0x000000000d511000 	/System/Library/Frameworks/OpenGL.framework/Versions/A/Libraries/libCVMSPluginSupport.dylib
0x000000000d511000 	/System/Library/Frameworks/OpenGL.framework/Versions/A/Libraries/libCoreVMClient.dylib
0x000000000d511000 	/System/Library/PrivateFrameworks/CrashReporterSupport.framework/Versions/A/CrashReporterSupport
0x000000000d511000 	/System/Library/PrivateFrameworks/Sharing.framework/Versions/A/Sharing
0x000000000d511000 	/System/Library/PrivateFrameworks/IconServices.framework/Versions/A/IconServices
0x000000000d511000 	/System/Library/PrivateFrameworks/ProtocolBuffer.framework/Versions/A/ProtocolBuffer
0x000000000d511000 	/System/Library/PrivateFrameworks/Apple80211.framework/Versions/A/Apple80211
0x000000000d511000 	/System/Library/Frameworks/CoreWLAN.framework/Versions/A/CoreWLAN
0x000000000d511000 	/System/Library/PrivateFrameworks/CoreUtils.framework/Versions/A/CoreUtils
0x000000000d511000 	/System/Library/Frameworks/IOBluetooth.framework/Versions/A/IOBluetooth
0x000000000d511000 	/System/Library/PrivateFrameworks/CoreWiFi.framework/Versions/A/CoreWiFi
0x000000000d511000 	/System/Library/Frameworks/CoreBluetooth.framework/Versions/A/CoreBluetooth
0x000000000d511000 	/System/Library/Frameworks/CoreDisplay.framework/Versions/A/CoreDisplay
0x000000000d511000 	/System/Library/PrivateFrameworks/IOPresentment.framework/Versions/A/IOPresentment
0x000000000d511000 	/System/Library/PrivateFrameworks/DebugSymbols.framework/Versions/A/DebugSymbols
0x000000000d511000 	/System/Library/PrivateFrameworks/CoreSymbolication.framework/Versions/A/CoreSymbolication
0x000000000d511000 	/System/Library/PrivateFrameworks/Symbolication.framework/Versions/A/Symbolication
0x000000000d511000 	/System/Library/PrivateFrameworks/AppleFSCompression.framework/Versions/A/AppleFSCompression
0x000000000d511000 	/System/Library/PrivateFrameworks/SpeechRecognitionCore.framework/Versions/A/SpeechRecognitionCore
0x000000000d511000 	/System/Library/PrivateFrameworks/ChunkingLibrary.framework/Versions/A/ChunkingLibrary
0x0000000110a00000 	/Library/Java/JavaVirtualMachines/jdk1.8.0_60.jdk/Contents/Home/jre/lib/server/libjvm.dylib
0x000000000d511000 	/usr/lib/libstdc++.6.dylib
0x000000010f81a000 	/Library/Java/JavaVirtualMachines/jdk1.8.0_60.jdk/Contents/Home/jre/lib/libverify.dylib
0x000000010f828000 	/Library/Java/JavaVirtualMachines/jdk1.8.0_60.jdk/Contents/Home/jre/lib/libjava.dylib
0x000000010f867000 	/Library/Java/JavaVirtualMachines/jdk1.8.0_60.jdk/Contents/Home/jre/lib/libzip.dylib
0x000000010f9e3000 	/System/Library/Frameworks/JavaVM.framework/Frameworks/JavaRuntimeSupport.framework/JavaRuntimeSupport
0x0000000118df9000 	/System/Library/Frameworks/JavaVM.framework/Versions/A/Frameworks/JavaNativeFoundation.framework/Versions/A/JavaNativeFoundation
0x0000000118e0e000 	/System/Library/Frameworks/JavaVM.framework/Versions/A/JavaVM
0x000000000d511000 	/System/Library/Frameworks/Carbon.framework/Versions/A/Carbon
0x0000000118e1b000 	/System/Library/PrivateFrameworks/JavaLaunching.framework/Versions/A/JavaLaunching
0x000000000d511000 	/System/Library/Frameworks/Carbon.framework/Versions/A/Frameworks/CommonPanels.framework/Versions/A/CommonPanels
0x000000000d511000 	/System/Library/Frameworks/Carbon.framework/Versions/A/Frameworks/Help.framework/Versions/A/Help
0x000000000d511000 	/System/Library/Frameworks/Carbon.framework/Versions/A/Frameworks/ImageCapture.framework/Versions/A/ImageCapture
0x000000000d511000 	/System/Library/Frameworks/Carbon.framework/Versions/A/Frameworks/OpenScripting.framework/Versions/A/OpenScripting
0x000000000d511000 	/System/Library/Frameworks/Carbon.framework/Versions/A/Frameworks/Print.framework/Versions/A/Print
0x000000000d511000 	/System/Library/Frameworks/Carbon.framework/Versions/A/Frameworks/SecurityHI.framework/Versions/A/SecurityHI
0x0000000118f05000 	/Library/Java/JavaVirtualMachines/jdk1.8.0_60.jdk/Contents/Home/jre/lib/libprism_es2.dylib
0x000000000d511000 	/System/Library/Frameworks/OpenGL.framework/Versions/A/Resources/GLEngine.bundle/GLEngine
0x000000000d511000 	/System/Library/Frameworks/OpenGL.framework/Versions/A/Libraries/libGLProgrammability.dylib
0x0000000129e00000 	/System/Library/Extensions/AppleIntelHD4000GraphicsGLDriver.bundle/Contents/MacOS/AppleIntelHD4000GraphicsGLDriver
0x000000000d511000 	/System/Library/PrivateFrameworks/GPUSupport.framework/Versions/A/Libraries/libGPUSupportMercury.dylib
0x000000000d511000 	/System/Library/Extensions/GeForceGLDriver.bundle/Contents/MacOS/GeForceGLDriver
0x000000000d511000 	/System/Library/Extensions/GeForceGLDriver.bundle/Contents/MacOS/libclh.dylib
0x000000000d511000 	/System/Library/Frameworks/OpenGL.framework/Versions/A/Resources/GLRendererFloat.bundle/GLRendererFloat
0x000000000d511000 	/System/Library/Frameworks/OpenCL.framework/Versions/A/Libraries/libcldcpuengine.dylib
0x000000000d511000 	/usr/lib/libcrypto.0.9.8.dylib
0x000000000d511000 	/System/Library/PrivateFrameworks/TrustEvaluationAgent.framework/Versions/A/TrustEvaluationAgent
0x00000001191da000 	/Library/Java/JavaVirtualMachines/jdk1.8.0_60.jdk/Contents/Home/jre/lib/libglass.dylib
0x000000000d511000 	/System/Library/PrivateFrameworks/CoreServicesInternal.framework/Versions/A/CoreServicesInternal
0x000000000d511000 	/System/Library/CoreServices/RawCamera.bundle/Contents/MacOS/RawCamera
0x000000000d511000 	/System/Library/Frameworks/Accelerate.framework/Versions/A/Frameworks/vImage.framework/Versions/A/Libraries/libCGInterfaces.dylib
0x000000000d511000 	/System/Library/PrivateFrameworks/FamilyControls.framework/Versions/A/FamilyControls
0x000000000d511000 	/System/Library/PrivateFrameworks/CommerceKit.framework/Versions/A/Frameworks/CommerceCore.framework/Versions/A/CommerceCore
0x000000000d511000 	/System/Library/PrivateFrameworks/SystemAdministration.framework/Versions/A/SystemAdministration
0x000000000d511000 	/System/Library/PrivateFrameworks/AppContainer.framework/Versions/A/AppContainer
0x000000000d511000 	/System/Library/PrivateFrameworks/SecCodeWrapper.framework/Versions/A/SecCodeWrapper
0x000000000d511000 	/System/Library/Frameworks/DirectoryService.framework/Versions/A/DirectoryService
0x000000000d511000 	/System/Library/PrivateFrameworks/DiskImages.framework/Versions/A/DiskImages
0x000000000d511000 	/System/Library/PrivateFrameworks/LoginUIKit.framework/Versions/A/Frameworks/LoginUICore.framework/Versions/A/LoginUICore
0x000000000d511000 	/usr/lib/libCoreStorage.dylib
0x000000000d511000 	/usr/lib/libcsfde.dylib
0x000000000d511000 	/usr/lib/libodfde.dylib
0x000000000d511000 	/System/Library/Frameworks/DiscRecording.framework/Versions/A/DiscRecording
0x000000000d511000 	/usr/lib/libcurl.4.dylib
0x000000000d511000 	/System/Library/PrivateFrameworks/MediaKit.framework/Versions/A/MediaKit
0x000000000d511000 	/System/Library/PrivateFrameworks/ProtectedCloudStorage.framework/Versions/A/ProtectedCloudStorage
0x000000000d511000 	/System/Library/PrivateFrameworks/EFILogin.framework/Versions/A/EFILogin
0x000000000d511000 	/usr/lib/libutil.dylib
0x000000000d511000 	/System/Library/Frameworks/LDAP.framework/Versions/A/LDAP
0x000000000d511000 	/usr/lib/libsasl2.2.dylib
0x000000000d511000 	/System/Library/PrivateFrameworks/CoreDaemon.framework/Versions/B/CoreDaemon
0x000000000d511000 	/System/Library/PrivateFrameworks/AppleSRP.framework/Versions/A/AppleSRP
0x000000000d511000 	/System/Library/PrivateFrameworks/APFS.framework/Versions/A/APFS
0x000000012d91d000 	/usr/local/Cellar/opencv3/HEAD-47c4dcc/share/OpenCV/java/libopencv_java320.dylib
0x000000012da37000 	/usr/local/Cellar/opencv3/HEAD-47c4dcc/lib/libopencv_photo.3.2.dylib
0x000000012dafa000 	/usr/local/Cellar/opencv3/HEAD-47c4dcc/lib/libopencv_bioinspired.3.2.dylib
0x000000012db41000 	/usr/local/Cellar/opencv3/HEAD-47c4dcc/lib/libopencv_tracking.3.2.dylib
0x000000012de6a000 	/usr/local/Cellar/opencv3/HEAD-47c4dcc/lib/libopencv_xfeatures2d.3.2.dylib
0x000000012e154000 	/usr/local/Cellar/opencv3/HEAD-47c4dcc/lib/libopencv_aruco.3.2.dylib
0x000000012e1af000 	/usr/local/Cellar/opencv3/HEAD-47c4dcc/lib/libopencv_structured_light.3.2.dylib
0x000000012e1c8000 	/usr/local/Cellar/opencv3/HEAD-47c4dcc/lib/libopencv_dnn.3.2.dylib
0x000000012e4a8000 	/usr/local/Cellar/opencv3/HEAD-47c4dcc/lib/libopencv_plot.3.2.dylib
0x000000012e4b4000 	/usr/local/Cellar/opencv3/HEAD-47c4dcc/lib/libopencv_datasets.3.2.dylib
0x000000012e513000 	/usr/local/Cellar/opencv3/HEAD-47c4dcc/lib/libopencv_face.3.2.dylib
0x000000012e538000 	/usr/local/Cellar/opencv3/HEAD-47c4dcc/lib/libopencv_objdetect.3.2.dylib
0x000000012e5a3000 	/usr/local/Cellar/opencv3/HEAD-47c4dcc/lib/libopencv_text.3.2.dylib
0x000000012e6dd000 	/usr/local/Cellar/opencv3/HEAD-47c4dcc/lib/libopencv_shape.3.2.dylib
0x000000012e70c000 	/usr/local/Cellar/opencv3/HEAD-47c4dcc/lib/libopencv_video.3.2.dylib
0x000000012e76e000 	/usr/local/Cellar/opencv3/HEAD-47c4dcc/lib/libopencv_phase_unwrapping.3.2.dylib
0x000000012e77a000 	/usr/local/Cellar/opencv3/HEAD-47c4dcc/lib/libopencv_rgbd.3.2.dylib
0x000000012e805000 	/usr/local/Cellar/opencv3/HEAD-47c4dcc/lib/libopencv_calib3d.3.2.dylib
0x000000012e9a2000 	/usr/local/Cellar/opencv3/HEAD-47c4dcc/lib/libopencv_features2d.3.2.dylib
0x000000012ea48000 	/usr/local/Cellar/opencv3/HEAD-47c4dcc/lib/libopencv_flann.3.2.dylib
0x000000012eaa9000 	/usr/local/Cellar/opencv3/HEAD-47c4dcc/lib/libopencv_ml.3.2.dylib
0x000000012eb4b000 	/usr/local/Cellar/opencv3/HEAD-47c4dcc/lib/libopencv_highgui.3.2.dylib
0x000000012eb5b000 	/usr/local/Cellar/opencv3/HEAD-47c4dcc/lib/libopencv_videoio.3.2.dylib
0x000000012eb7e000 	/usr/local/Cellar/opencv3/HEAD-47c4dcc/lib/libopencv_imgcodecs.3.2.dylib
0x000000012ec0e000 	/usr/local/Cellar/opencv3/HEAD-47c4dcc/lib/libopencv_imgproc.3.2.dylib
0x000000012fcee000 	/usr/local/Cellar/opencv3/HEAD-47c4dcc/lib/libopencv_core.3.2.dylib
0x000000000d511000 	/System/Library/Frameworks/AVFoundation.framework/Versions/A/AVFoundation
0x000000000d511000 	/System/Library/Frameworks/CoreMedia.framework/Versions/A/CoreMedia
0x0000000130551000 	/usr/local/opt/jpeg/lib/libjpeg.8.dylib
0x0000000130583000 	/usr/local/opt/libpng/lib/libpng16.16.dylib
0x00000001305af000 	/usr/local/opt/libtiff/lib/libtiff.5.dylib
0x0000000130615000 	/usr/local/opt/ilmbase/lib/libImath-2_2.12.dylib
0x0000000130624000 	/usr/local/opt/openexr/lib/libIlmImf-2_2.22.dylib
0x0000000130909000 	/usr/local/opt/ilmbase/lib/libIex-2_2.12.dylib
0x000000013091b000 	/usr/local/opt/ilmbase/lib/libHalf.12.dylib
0x000000013095f000 	/usr/local/opt/ilmbase/lib/libIlmThread-2_2.12.dylib
0x0000000130967000 	/usr/local/opt/ilmbase/lib/libIexMath-2_2.12.dylib
0x000000000d511000 	/System/Library/Frameworks/AVFoundation.framework/Versions/A/Frameworks/AVFAudio.framework/Versions/A/AVFAudio
0x000000000d511000 	/System/Library/Frameworks/MediaToolbox.framework/Versions/A/MediaToolbox
0x000000000d511000 	/System/Library/Frameworks/VideoToolbox.framework/Versions/A/VideoToolbox
0x000000000d511000 	/System/Library/PrivateFrameworks/IntlPreferences.framework/Versions/A/IntlPreferences
0x000000000d511000 	/System/Library/Frameworks/CoreMediaIO.framework/Versions/A/CoreMediaIO
0x000000000d511000 	/usr/lib/libspindump.dylib
0x000000000d511000 	/usr/lib/libdscsym.dylib
0x000000000d511000 	/System/Library/PrivateFrameworks/CoreAVCHD.framework/Versions/A/CoreAVCHD
0x000000000d511000 	/System/Library/Frameworks/MediaAccessibility.framework/Versions/A/MediaAccessibility
0x000000000d511000 	/System/Library/PrivateFrameworks/Mangrove.framework/Versions/A/Mangrove
0x000000000d511000 	/System/Library/PrivateFrameworks/CoreAUC.framework/Versions/A/CoreAUC
0x000000000d511000 	/System/Library/PrivateFrameworks/AppleVA.framework/Versions/A/AppleVA
0x000000000d511000 	/System/Library/PrivateFrameworks/XPCService.framework/Versions/A/XPCService
0x000000000d511000 	/System/Library/PrivateFrameworks/AppSandbox.framework/Versions/A/AppSandbox
0x000000000d511000 	/usr/lib/libsandbox.1.dylib
0x000000000d511000 	/usr/lib/libMatch.1.dylib
0x000000013096c000 	/Library/Java/JavaVirtualMachines/jdk1.8.0_60.jdk/Contents/Home/jre/lib/libnet.dylib
0x000000000d511000 	/System/Library/Frameworks/ApplicationServices.framework/Versions/A/Frameworks/ATS.framework/Versions/A/Resources/libTrueTypeScaler.dylib
0x000000000d511000 	/System/Library/Extensions/GeForceMTLDriver.bundle/Contents/MacOS/GeForceMTLDriver
0x00000001318ee000 	/System/Library/Extensions/AppleIntelHD4000GraphicsMTLDriver.bundle/Contents/MacOS/AppleIntelHD4000GraphicsMTLDriver
0x000000000d511000 	/System/Library/PrivateFrameworks/ViewBridge.framework/Versions/A/ViewBridge
0x0000000131ccc000 	/Library/Java/JavaVirtualMachines/jdk1.8.0_60.jdk/Contents/Home/jre/lib/libawt.dylib
0x0000000131d74000 	/Library/Java/JavaVirtualMachines/jdk1.8.0_60.jdk/Contents/Home/jre/lib/./libmlib_image.dylib
0x0000000131e40000 	/Library/Java/JavaVirtualMachines/jdk1.8.0_60.jdk/Contents/Home/jre/lib/libawt_lwawt.dylib
0x0000000131ef5000 	/Library/Java/JavaVirtualMachines/jdk1.8.0_60.jdk/Contents/Home/jre/lib/./libosxapp.dylib
0x000000000d511000 	/System/Library/Frameworks/ExceptionHandling.framework/Versions/A/ExceptionHandling
0x0000000132282000 	/Library/Java/JavaVirtualMachines/jdk1.8.0_60.jdk/Contents/Home/jre/lib/libfontmanager.dylib
0x00000001318b9000 	/Library/Java/JavaVirtualMachines/jdk1.8.0_60.jdk/Contents/Home/jre/lib/libosxui.dylib
0x0000000137a68000 	/private/var/folders/6_/tbgkj7k12wldztb0z9g66vm00000gn/T/xuggle/xuggle1316632147019777717.tmp
0x00000001193d0000 	/System/Library/Frameworks/VideoDecodeAcceleration.framework/Versions/A/VideoDecodeAcceleration
0x000000013181c000 	/Library/Java/JavaVirtualMachines/jdk1.8.0_60.jdk/Contents/Home/jre/lib/libnio.dylib
0x0000000161a92000 	/Library/Java/JavaVirtualMachines/jdk1.8.0_60.jdk/Contents/Home/jre/lib/libjavafx_font.dylib
0x00000001692b4000 	/Library/Java/JavaVirtualMachines/jdk1.8.0_60.jdk/Contents/Home/jre/lib/libprism_common.dylib
0x000000016c264000 	/Library/Java/JavaVirtualMachines/jdk1.8.0_60.jdk/Contents/Home/jre/lib/libdcpr.dylib
0x000000000d511000 	/System/Library/PrivateFrameworks/Shortcut.framework/Versions/A/Shortcut
0x000000000d511000 	/System/Library/PrivateFrameworks/HelpData.framework/Versions/A/HelpData

VM Arguments:
jvm_args: -Djava.library.path=/usr/local/Cellar/opencv3/HEAD-47c4dcc/share/OpenCV/java:/usr/local/Cellar/opencv3/HEAD-47c4dcc/share/OpenCV/java/opencv-320.jar -Dfile.encoding=UTF-8 
java_command: application.Main
java_class_path (initial): /Users/sebastianhansen/Documents/workspace/Gruppe19_CDIODRONE/bin:/Users/sebastianhansen/Documents/workspace/Gruppe19_CDIODRONE/lib/core.jar:/Users/sebastianhansen/Documents/workspace/Gruppe19_CDIODRONE/lib/xuggle-xuggler-5.4.jar:/Users/sebastianhansen/Documents/workspace/Gruppe19_CDIODRONE/lib/slf4j-api-1.7.2.jar:/Users/sebastianhansen/Documents/workspace/Gruppe19_CDIODRONE/lib/slf4j-jdk14-1.7.2.jar:/Users/sebastianhansen/Documents/workspace/Gruppe19_CDIODRONE/lib/jfreechart-1.0.13.jar:/Users/sebastianhansen/Documents/workspace/Gruppe19_CDIODRONE/lib/jcommon-1.0.16.jar:/Users/sebastianhansen/Documents/workspace/Gruppe19_CDIODRONE/lib/commons-net-3.2.jar:/Users/sebastianhansen/Documents/workspace/Gruppe19_CDIODRONE/lib/reflections/guava-11.0.2.jar:/Users/sebastianhansen/Documents/workspace/Gruppe19_CDIODRONE/lib/reflections/javassist-3.16.1-GA.jar:/Users/sebastianhansen/Documents/workspace/Gruppe19_CDIODRONE/lib/reflections/reflections-0.9.9-RC1.jar:/Users/sebastianhansen/Documents/workspace/Gruppe19_CDIODRONE/lib/zxing/core-2.2.jar:/Users/sebastianhansen/Documents/workspace/Gruppe19_CDIODRONE/lib/zxing/javase-2.2.jar:/Users/sebastianhansen/.eclipse/org.eclipse.platform_4.6.2_2045507486_macosx_cocoa_x86_64/plugins/org.eclipse.fx.ide.css.jfx8_2.4.0.201605112122.jar:/usr/local/Cellar/opencv3/HEAD-47c4dcc/share/OpenCV/java/opencv-320.jar
Launcher Type: SUN_STANDARD

Environment Variables:
PATH=/usr/bin:/bin:/usr/sbin:/sbin
SHELL=/bin/bash

Signal Handlers:
SIGSEGV: [libjvm.dylib+0x5a6d31], sa_mask[0]=11111111011111110111111111111111, sa_flags=SA_ONSTACK|SA_RESTART|SA_SIGINFO
SIGBUS: [libjvm.dylib+0x5a6d31], sa_mask[0]=11111111011111110111111111111111, sa_flags=SA_RESTART|SA_SIGINFO
SIGFPE: [libjvm.dylib+0x480a4c], sa_mask[0]=11111111011111110111111111111111, sa_flags=SA_RESTART|SA_SIGINFO
SIGPIPE: [libjvm.dylib+0x480a4c], sa_mask[0]=11111111011111110111111111111111, sa_flags=SA_RESTART|SA_SIGINFO
SIGXFSZ: [libjvm.dylib+0x480a4c], sa_mask[0]=11111111011111110111111111111111, sa_flags=SA_RESTART|SA_SIGINFO
SIGILL: [libjvm.dylib+0x480a4c], sa_mask[0]=11111111011111110111111111111111, sa_flags=SA_RESTART|SA_SIGINFO
SIGUSR1: SIG_DFL, sa_mask[0]=00000000000000000000000000000000, sa_flags=none
SIGUSR2: [libjvm.dylib+0x48056a], sa_mask[0]=00100000000000000000000000000000, sa_flags=SA_RESTART|SA_SIGINFO
SIGHUP: [libjvm.dylib+0x47eb41], sa_mask[0]=11111111011111110111111111111111, sa_flags=SA_RESTART|SA_SIGINFO
SIGINT: [libjvm.dylib+0x47eb41], sa_mask[0]=11111111011111110111111111111111, sa_flags=SA_RESTART|SA_SIGINFO
SIGTERM: [libjvm.dylib+0x47eb41], sa_mask[0]=11111111011111110111111111111111, sa_flags=SA_RESTART|SA_SIGINFO
SIGQUIT: [libjvm.dylib+0x47eb41], sa_mask[0]=11111111011111110111111111111111, sa_flags=SA_RESTART|SA_SIGINFO


---------------  S Y S T E M  ---------------

OS:Bsduname:Darwin 16.3.0 Darwin Kernel Version 16.3.0: Thu Nov 17 20:23:58 PST 2016; root:xnu-3789.31.2~1/RELEASE_X86_64 x86_64
rlimit: STACK 8192k, CORE 0k, NPROC 709, NOFILE 10240, AS infinity
load average:2.22 1.59 1.64

CPU:total 8 (4 cores per cpu, 2 threads per core) family 6 model 58 stepping 9, cmov, cx8, fxsr, mmx, sse, sse2, sse3, ssse3, sse4.1, sse4.2, popcnt, avx, aes, clmul, erms, ht, tsc, tscinvbit, tscinv

Memory: 4k page, physical 8388608k(259912k free)

/proc/meminfo:


vm_info: Java HotSpot(TM) 64-Bit Server VM (25.60-b23) for bsd-amd64 JRE (1.8.0_60-b27), built on Aug  4 2015 10:47:24 by "java_re" with gcc 4.2.1 (Based on Apple Inc. build 5658) (LLVM build 2336.11.00)

time: Thu Jun  8 15:19:35 2017
elapsed time: 48 seconds (0d 0h 0m 48s)

