#
# A fatal error has been detected by the Java Runtime Environment:
#
#  SIGSEGV (0xb) at pc=0x00000001045edc4c, pid=48639, tid=775
#
# JRE version: Java(TM) SE Runtime Environment (8.0_60-b27) (build 1.8.0_60-b27)
# Java VM: Java HotSpot(TM) 64-Bit Server VM (25.60-b23 mixed mode bsd-amd64 compressed oops)
# Problematic frame:
# C  [JavaNativeFoundation+0x6c4c]  -[JNFJObjectWrapper jObjectWithEnv:]+0x1e
#
# Failed to write core dump. Core dumps have been disabled. To enable core dumping, try "ulimit -c unlimited" before starting Java again
#
# If you would like to submit a bug report, please visit:
#   http://bugreport.java.com/bugreport/crash.jsp
#

---------------  T H R E A D  ---------------

Current thread is native thread

siginfo: si_signo: 11 (SIGSEGV), si_code: 1 (SEGV_MAPERR), si_addr: 0x00000000000000c8

Registers:
RAX=0x00007fb8d5430db8, RBX=0x00007fb8d59a51f8, RCX=0x0000000000000000, RDX=0x00007fb8d59a51f8
RSP=0x00007fff5b85abf0, RBP=0x00007fff5b85ac00, RSI=0x00000001045ef5eb, RDI=0x00007fb8d7f98180
R8 =0x0000000000000000, R9 =0x0000000000000500, R10=0x00000001045f1e90, R11=0x00007fb8db6b7070
R12=0x00007fb8d59a51f8, R13=0x00007fb8d54f75a0, R14=0x00007fb8d6b94c00, R15=0x00007fb8d54eafd0
RIP=0x00000001045edc4c, EFLAGS=0x0000000000010206, ERR=0x0000000000000004
  TRAPNO=0x000000000000000e

Top of Stack: (sp=0x00007fff5b85abf0)
0x00007fff5b85abf0:   00007fb8d7f98100 00007fb8d54b0270
0x00007fff5b85ac00:   00007fff5b85ac60 0000000126c5eebb
0x00007fff5b85ac10:   83a467c261090011 0000000000000000
0x00007fff5b85ac20:   411118dd05c8afd4 0000000000000000
0x00007fff5b85ac30:   00007fff5b85ac60 00007fb8d54eafd0
0x00007fff5b85ac40:   00007fb8dc800880 00007fb8d54f75a0
0x00007fff5b85ac50:   00007fb8d54eafd0 00007fff97726b40
0x00007fff5b85ac60:   00007fff5b85ace0 00007fff88872211
0x00007fff5b85ac70:   00007fb8d68ccc00 0000000000000000
0x00007fff5b85ac80:   000002fc5b85acc0 00007fb8d6b94c00
0x00007fff5b85ac90:   0000000000000000 0000000000000000
0x00007fff5b85aca0:   0000000400000000 411118dd05c8afd4
0x00007fff5b85acb0:   00007fff5b85ace0 00007fb8d54eafd0
0x00007fff5b85acc0:   0000000000000004 0000000000000000
0x00007fff5b85acd0:   00007fff97726b40 00007fff81170e11
0x00007fff5b85ace0:   00007fff5b85ad50 00007fff88871d8f
0x00007fff5b85acf0:   4000000000000000 4084000000000000
0x00007fff5b85ad00:   4077e00000000000 0000000000000000
0x00007fff5b85ad10:   0000000000000000 4084000000000000
0x00007fff5b85ad20:   4077e00000000000 00007fff5b85ae20
0x00007fff5b85ad30:   00007fb8db700e98 0000000000000000
0x00007fff5b85ad40:   00007fff81179aa3 00007fb8d68ccc00
0x00007fff5b85ad50:   00007fff5b85be20 00007fff88884f6e
0x00007fff5b85ad60:   00007fff5b85be20 00007fff88884e44
0x00007fff5b85ad70:   00007fb8db700e98 00007fb8db700e98
0x00007fff5b85ad80:   00007fb8db700df0 00007fb8d68ccc00
0x00007fff5b85ad90:   0000000000000001 00007fff5b85ad60
0x00007fff5b85ada0:   00007fff5b85adf0 00007fff5b85ae20
0x00007fff5b85adb0:   00007fff5b85ae20 0000000000000000
0x00007fff5b85adc0:   0000000000000001 00007fb8d68ccc00
0x00007fff5b85add0:   00007fff5b85adf0 0000020000000100
0x00007fff5b85ade0:   0000000000000000 00007fb8d68ccc00 

Instructions: (pc=0x00000001045edc4c)
0x00000001045edc2c:   5d c3 55 48 89 e5 53 50 48 89 d3 48 8b 35 72 3d
0x00000001045edc3c:   00 00 ff 15 1c 24 00 00 48 85 c0 74 18 48 8b 0b
0x00000001045edc4c:   48 8b 89 c8 00 00 00 48 89 df 48 89 c6 48 83 c4
0x00000001045edc5c:   08 5b 5d ff e1 31 c0 48 83 c4 08 5b 5d c3 55 48 

Register to memory mapping:

RAX=0x00007fb8d5430db8 is a global jni handle
RBX=0x00007fb8d59a51f8 is an unknown value
RCX=0x0000000000000000 is an unknown value
RDX=0x00007fb8d59a51f8 is an unknown value
RSP=0x00007fff5b85abf0 is an unknown value
RBP=0x00007fff5b85ac00 is an unknown value
RSI=0x00000001045ef5eb: GCC_except_table2+0x61f in /System/Library/Frameworks/JavaVM.framework/Versions/A/Frameworks/JavaNativeFoundation.framework/Versions/A/JavaNativeFoundation at 0x00000001045e7000
RDI=0x00007fb8d7f98180 is an unknown value
R8 =0x0000000000000000 is an unknown value
R9 =0x0000000000000500 is an unknown value
R10=0x00000001045f1e90: OBJC_CLASS_$_JNFJObjectWrapper+0 in /System/Library/Frameworks/JavaVM.framework/Versions/A/Frameworks/JavaNativeFoundation.framework/Versions/A/JavaNativeFoundation at 0x00000001045e7000
R11=0x00007fb8db6b7070 is an unknown value
R12=0x00007fb8d59a51f8 is an unknown value
R13=0x00007fb8d54f75a0 is an unknown value
R14=0x00007fb8d6b94c00 is an unknown value
R15=0x00007fb8d54eafd0 is an unknown value


Stack: [0x00007fff5b05f000,0x00007fff5b85f000],  sp=0x00007fff5b85abf0,  free space=8174k
Native frames: (J=compiled Java code, j=interpreted, Vv=VM code, C=native code)
C  [JavaNativeFoundation+0x6c4c]  -[JNFJObjectWrapper jObjectWithEnv:]+0x1e
C  [libawt_lwawt.dylib+0x19ebb]  -[CGLLayer drawInCGLContext:pixelFormat:forLayerTime:displayTime:]+0xee
C  [QuartzCore+0x111211]  CAOpenGLLayerDraw(CAOpenGLLayer*, double, CVTimeStamp const*, unsigned int)+0x369
C  [QuartzCore+0x110d8f]  -[CAOpenGLLayer _display]+0x15f
C  [QuartzCore+0x123f6e]  CA::Layer::display_if_needed(CA::Transaction*)+0x23c
C  [QuartzCore+0x124099]  CA::Layer::layout_and_display_if_needed(CA::Transaction*)+0x23
C  [QuartzCore+0x119878]  CA::Context::commit_transaction(CA::Transaction*)+0x118
C  [QuartzCore+0x10631]  CA::Transaction::commit()+0x1db
C  [QuartzCore+0x10f92]  CA::Transaction::observer_callback(__CFRunLoopObserver*, unsigned long, void*)+0x6c
C  [CoreFoundation+0xa42d7]  __CFRUNLOOP_IS_CALLING_OUT_TO_AN_OBSERVER_CALLBACK_FUNCTION__+0x17
C  [CoreFoundation+0xa4247]  __CFRunLoopDoObservers+0x187
C  [CoreFoundation+0x8526e]  __CFRunLoopRun+0x4be
C  [CoreFoundation+0x84b54]  CFRunLoopRunSpecific+0x1a4
C  [java+0x6463]  CreateExecutionEnvironment+0x367
C  [java+0x21ac]  JLI_Launch+0x7a0
C  [java+0x84c0]  main+0x65
C  [java+0x1a04]  start+0x34


---------------  P R O C E S S  ---------------

VM state:not at safepoint (normal execution)

VM Mutex/Monitor currently owned by a thread: None

Heap:
 PSYoungGen      total 38400K, used 25206K [0x0000000795580000, 0x0000000799c80000, 0x00000007c0000000)
  eden space 33280K, 60% used [0x0000000795580000,0x0000000796921070,0x0000000797600000)
  from space 5120K, 99% used [0x0000000797600000,0x0000000797afc880,0x0000000797b00000)
  to   space 5120K, 0% used [0x0000000799780000,0x0000000799780000,0x0000000799c80000)
 ParOldGen       total 42496K, used 10922K [0x0000000740000000, 0x0000000742980000, 0x0000000795580000)
  object space 42496K, 25% used [0x0000000740000000,0x0000000740aaa9c8,0x0000000742980000)
 Metaspace       used 26837K, capacity 27528K, committed 27648K, reserved 1073152K
  class space    used 3559K, capacity 3747K, committed 3840K, reserved 1048576K

Card table byte_map: [0x0000000106949000,0x0000000106d4a000] byte_map_base: 0x0000000102f49000

Marking Bits: (ParMarkBitMap*) 0x0000000105edee20
 Begin Bits: [0x0000000106ff5000, 0x0000000108ff5000)
 End Bits:   [0x0000000108ff5000, 0x000000010aff5000)

Polling page: 0x0000000104461000

CodeCache: size=245760Kb used=5798Kb max_used=5798Kb free=239961Kb
 bounds [0x000000010fff4000, 0x00000001105a4000, 0x000000011eff4000]
 total_blobs=2916 nmethods=1851 adapters=978
 compilation: enabled

Compilation events (10 events):
Event: 16.955 Thread 0x00007fb8d683d800 1933       4       com.google.zxing.common.BitMatrix::get (33 bytes)
Event: 16.956 Thread 0x00007fb8d683d800 nmethod 1933 0x0000000110177e10 code [0x0000000110177f60, 0x0000000110178018]
Event: 16.958 Thread 0x00007fb8d6030800 1934 %     3       com.google.zxing.multi.qrcode.detector.MultiFinderPatternFinder::findMulti @ 113 (422 bytes)
Event: 16.959 Thread 0x00007fb8d6030800 nmethod 1934% 0x000000011059e8d0 code [0x000000011059ec20, 0x00000001105a0758]
Event: 16.960 Thread 0x00007fb8d6030800 1937       3       com.google.zxing.multi.qrcode.detector.MultiFinderPatternFinder::findMulti (422 bytes)
Event: 16.961 Thread 0x00007fb8d6030800 nmethod 1937 0x000000011059c350 code [0x000000011059c660, 0x000000011059ddd8]
Event: 16.961 Thread 0x00007fb8d6030800 1935       3       com.google.zxing.qrcode.detector.FinderPatternFinder::foundPatternCross (134 bytes)
Event: 16.962 Thread 0x00007fb8d6030800 nmethod 1935 0x00000001105a1ad0 code [0x00000001105a1ca0, 0x00000001105a2510]
Event: 16.962 Thread 0x00007fb8d6030800 1936       3       java.lang.Math::abs (11 bytes)
Event: 16.962 Thread 0x00007fb8d6030800 nmethod 1936 0x0000000110590dd0 code [0x0000000110590f40, 0x00000001105910d0]

GC Heap History (8 events):
Event: 8.449 GC heap before
{Heap before GC invocations=1 (full 0):
 PSYoungGen      total 38400K, used 33280K [0x0000000795580000, 0x0000000798000000, 0x00000007c0000000)
  eden space 33280K, 100% used [0x0000000795580000,0x0000000797600000,0x0000000797600000)
  from space 5120K, 0% used [0x0000000797b00000,0x0000000797b00000,0x0000000798000000)
  to   space 5120K, 0% used [0x0000000797600000,0x0000000797600000,0x0000000797b00000)
 ParOldGen       total 87552K, used 0K [0x0000000740000000, 0x0000000745580000, 0x0000000795580000)
  object space 87552K, 0% used [0x0000000740000000,0x0000000740000000,0x0000000745580000)
 Metaspace       used 19399K, capacity 19806K, committed 19968K, reserved 1067008K
  class space    used 2403K, capacity 2526K, committed 2560K, reserved 1048576K
Event: 8.454 GC heap after
Heap after GC invocations=1 (full 0):
 PSYoungGen      total 38400K, used 5108K [0x0000000795580000, 0x0000000798000000, 0x00000007c0000000)
  eden space 33280K, 0% used [0x0000000795580000,0x0000000795580000,0x0000000797600000)
  from space 5120K, 99% used [0x0000000797600000,0x0000000797afd100,0x0000000797b00000)
  to   space 5120K, 0% used [0x0000000797b00000,0x0000000797b00000,0x0000000798000000)
 ParOldGen       total 87552K, used 633K [0x0000000740000000, 0x0000000745580000, 0x0000000795580000)
  object space 87552K, 0% used [0x0000000740000000,0x000000074009e500,0x0000000745580000)
 Metaspace       used 19399K, capacity 19806K, committed 19968K, reserved 1067008K
  class space    used 2403K, capacity 2526K, committed 2560K, reserved 1048576K
}
Event: 8.538 GC heap before
{Heap before GC invocations=2 (full 0):
 PSYoungGen      total 38400K, used 12281K [0x0000000795580000, 0x0000000798000000, 0x00000007c0000000)
  eden space 33280K, 21% used [0x0000000795580000,0x0000000795c81428,0x0000000797600000)
  from space 5120K, 99% used [0x0000000797600000,0x0000000797afd100,0x0000000797b00000)
  to   space 5120K, 0% used [0x0000000797b00000,0x0000000797b00000,0x0000000798000000)
 ParOldGen       total 87552K, used 633K [0x0000000740000000, 0x0000000745580000, 0x0000000795580000)
  object space 87552K, 0% used [0x0000000740000000,0x000000074009e500,0x0000000745580000)
 Metaspace       used 20726K, capacity 21094K, committed 21248K, reserved 1067008K
  class space    used 2601K, capacity 2736K, committed 2816K, reserved 1048576K
Event: 8.543 GC heap after
Heap after GC invocations=2 (full 0):
 PSYoungGen      total 38400K, used 5119K [0x0000000795580000, 0x000000079a080000, 0x00000007c0000000)
  eden space 33280K, 0% used [0x0000000795580000,0x0000000795580000,0x0000000797600000)
  from space 5120K, 99% used [0x0000000797b00000,0x0000000797ffffa0,0x0000000798000000)
  to   space 5120K, 0% used [0x0000000797600000,0x0000000797600000,0x0000000797b00000)
 ParOldGen       total 87552K, used 1041K [0x0000000740000000, 0x0000000745580000, 0x0000000795580000)
  object space 87552K, 1% used [0x0000000740000000,0x0000000740104500,0x0000000745580000)
 Metaspace       used 20726K, capacity 21094K, committed 21248K, reserved 1067008K
  class space    used 2601K, capacity 2736K, committed 2816K, reserved 1048576K
}
Event: 8.543 GC heap before
{Heap before GC invocations=3 (full 1):
 PSYoungGen      total 38400K, used 5119K [0x0000000795580000, 0x000000079a080000, 0x00000007c0000000)
  eden space 33280K, 0% used [0x0000000795580000,0x0000000795580000,0x0000000797600000)
  from space 5120K, 99% used [0x0000000797b00000,0x0000000797ffffa0,0x0000000798000000)
  to   space 5120K, 0% used [0x0000000797600000,0x0000000797600000,0x0000000797b00000)
 ParOldGen       total 87552K, used 1041K [0x0000000740000000, 0x0000000745580000, 0x0000000795580000)
  object space 87552K, 1% used [0x0000000740000000,0x0000000740104500,0x0000000745580000)
 Metaspace       used 20726K, capacity 21094K, committed 21248K, reserved 1067008K
  class space    used 2601K, capacity 2736K, committed 2816K, reserved 1048576K
Event: 8.565 GC heap after
Heap after GC invocations=3 (full 1):
 PSYoungGen      total 38400K, used 0K [0x0000000795580000, 0x000000079a080000, 0x00000007c0000000)
  eden space 33280K, 0% used [0x0000000795580000,0x0000000795580000,0x0000000797600000)
  from space 5120K, 0% used [0x0000000797b00000,0x0000000797b00000,0x0000000798000000)
  to   space 5120K, 0% used [0x0000000797600000,0x0000000797600000,0x0000000797b00000)
 ParOldGen       total 42496K, used 5453K [0x0000000740000000, 0x0000000742980000, 0x0000000795580000)
  object space 42496K, 12% used [0x0000000740000000,0x0000000740553530,0x0000000742980000)
 Metaspace       used 20726K, capacity 21094K, committed 21248K, reserved 1067008K
  class space    used 2601K, capacity 2736K, committed 2816K, reserved 1048576K
}
Event: 16.734 GC heap before
{Heap before GC invocations=4 (full 1):
 PSYoungGen      total 38400K, used 32920K [0x0000000795580000, 0x000000079a080000, 0x00000007c0000000)
  eden space 33280K, 98% used [0x0000000795580000,0x00000007975a6098,0x0000000797600000)
  from space 5120K, 0% used [0x0000000797b00000,0x0000000797b00000,0x0000000798000000)
  to   space 5120K, 0% used [0x0000000797600000,0x0000000797600000,0x0000000797b00000)
 ParOldGen       total 42496K, used 5453K [0x0000000740000000, 0x0000000742980000, 0x0000000795580000)
  object space 42496K, 12% used [0x0000000740000000,0x0000000740553530,0x0000000742980000)
 Metaspace       used 25856K, capacity 26600K, committed 26752K, reserved 1073152K
  class space    used 3454K, capacity 3651K, committed 3712K, reserved 1048576K
Event: 16.739 GC heap after
Heap after GC invocations=4 (full 1):
 PSYoungGen      total 38400K, used 5106K [0x0000000795580000, 0x0000000799c80000, 0x00000007c0000000)
  eden space 33280K, 0% used [0x0000000795580000,0x0000000795580000,0x0000000797600000)
  from space 5120K, 99% used [0x0000000797600000,0x0000000797afc880,0x0000000797b00000)
  to   space 5120K, 0% used [0x0000000799780000,0x0000000799780000,0x0000000799c80000)
 ParOldGen       total 42496K, used 10922K [0x0000000740000000, 0x0000000742980000, 0x0000000795580000)
  object space 42496K, 25% used [0x0000000740000000,0x0000000740aaa9c8,0x0000000742980000)
 Metaspace       used 25856K, capacity 26600K, committed 26752K, reserved 1073152K
  class space    used 3454K, capacity 3651K, committed 3712K, reserved 1048576K
}

Deoptimization events (10 events):
Event: 8.745 Thread 0x00007fb8d59a5000 Uncommon trap: reason=class_check action=maybe_recompile pc=0x000000011010cbdc method=java.lang.String.equals(Ljava/lang/Object;)Z @ 8
Event: 8.745 Thread 0x00007fb8d59a5000 Uncommon trap: reason=class_check action=maybe_recompile pc=0x000000011010cbdc method=java.lang.String.equals(Ljava/lang/Object;)Z @ 8
Event: 8.745 Thread 0x00007fb8d59a5000 Uncommon trap: reason=speculate_class_check action=maybe_recompile pc=0x00000001103fe60c method=com.sun.javafx.css.BitSet.containsAll(Ljava/util/Collection;)Z @ 18
Event: 8.745 Thread 0x00007fb8d59a5000 Uncommon trap: reason=speculate_class_check action=maybe_recompile pc=0x00000001103fe60c method=com.sun.javafx.css.BitSet.containsAll(Ljava/util/Collection;)Z @ 18
Event: 8.960 Thread 0x00007fb8d59a5000 Uncommon trap: reason=unstable_if action=reinterpret pc=0x00000001101e8b38 method=java.util.HashMap.putVal(ILjava/lang/Object;Ljava/lang/Object;ZZ)Ljava/lang/Object; @ 94
Event: 8.998 Thread 0x00007fb8d59a5000 Uncommon trap: reason=class_check action=maybe_recompile pc=0x000000011010cbdc method=java.lang.String.equals(Ljava/lang/Object;)Z @ 8
Event: 16.865 Thread 0x00007fb8d62a4000 Uncommon trap: reason=class_check action=maybe_recompile pc=0x00000001102c2680 method=java.util.zip.InflaterInputStream.read([BII)I @ 100
Event: 16.865 Thread 0x00007fb8d62a4000 Uncommon trap: reason=class_check action=maybe_recompile pc=0x00000001102c2680 method=java.util.zip.InflaterInputStream.read([BII)I @ 100
Event: 16.865 Thread 0x00007fb8d62a4000 Uncommon trap: reason=class_check action=maybe_recompile pc=0x00000001102c2680 method=java.util.zip.InflaterInputStream.read([BII)I @ 100
Event: 16.865 Thread 0x00007fb8d62a4000 Uncommon trap: reason=class_check action=maybe_recompile pc=0x00000001102c2680 method=java.util.zip.InflaterInputStream.read([BII)I @ 100

Internal exceptions (10 events):
Event: 8.155 Thread 0x00007fb8d580e000 Implicit null exception at 0x0000000110221eb5 to 0x0000000110222215
Event: 8.457 Thread 0x00007fb8d6027800 Exception <a 'java/lang/NullPointerException'> (0x00000007956917d0) thrown at [/Users/java_re/workspace/8-2-build-macosx-x86_64/jdk8u60/4407/hotspot/src/share/vm/interpreter/linkResolver.cpp, line 1178]
Event: 8.462 Thread 0x00007fb8d59a5000 Exception <a 'java/lang/NullPointerException'> (0x00000007955bc6c8) thrown at [/Users/java_re/workspace/8-2-build-macosx-x86_64/jdk8u60/4407/hotspot/src/share/vm/interpreter/linkResolver.cpp, line 1178]
Event: 8.462 Thread 0x00007fb8d59a5000 Exception <a 'java/lang/NullPointerException'> (0x00000007955bc6c8) thrown at [/Users/java_re/workspace/8-2-build-macosx-x86_64/jdk8u60/4407/hotspot/src/share/vm/prims/jvm.cpp, line 1390]
Event: 8.571 Thread 0x00007fb8d59a5000 Exception <a 'java/lang/ArrayIndexOutOfBoundsException'> (0x0000000795655cd0) thrown at [/Users/java_re/workspace/8-2-build-macosx-x86_64/jdk8u60/4407/hotspot/src/share/vm/runtime/sharedRuntime.cpp, line 605]
Event: 8.572 Thread 0x00007fb8d59a5000 Exception <a 'java/lang/ArrayIndexOutOfBoundsException'> (0x00000007956567e8) thrown at [/Users/java_re/workspace/8-2-build-macosx-x86_64/jdk8u60/4407/hotspot/src/share/vm/runtime/sharedRuntime.cpp, line 605]
Event: 8.572 Thread 0x00007fb8d59a5000 Exception <a 'java/lang/ArrayIndexOutOfBoundsException'> (0x0000000795657b90) thrown at [/Users/java_re/workspace/8-2-build-macosx-x86_64/jdk8u60/4407/hotspot/src/share/vm/runtime/sharedRuntime.cpp, line 605]
Event: 8.734 Thread 0x00007fb8d59a5000 Exception <a 'java/io/FileNotFoundException'> (0x0000000795de1088) thrown at [/Users/java_re/workspace/8-2-build-macosx-x86_64/jdk8u60/4407/hotspot/src/share/vm/prims/jni.cpp, line 709]
Event: 16.627 Thread 0x00007fb8d62a4000 Exception <a 'java/net/SocketTimeoutException': Read timed out> (0x00000007970702f0) thrown at [/Users/java_re/workspace/8-2-build-macosx-x86_64/jdk8u60/4407/hotspot/src/share/vm/prims/jni.cpp, line 735]
Event: 16.691 Thread 0x00007fb8d62a3000 Exception <a 'java/net/SocketTimeoutException': Receive timed out> (0x0000000796d725c0) thrown at [/Users/java_re/workspace/8-2-build-macosx-x86_64/jdk8u60/4407/hotspot/src/share/vm/prims/jni.cpp, line 735]

Events (10 events):
Event: 16.953 loading class com/google/zxing/qrcode/detector/FinderPatternFinder
Event: 16.953 loading class com/google/zxing/qrcode/detector/FinderPatternFinder done
Event: 16.955 loading class com/google/zxing/qrcode/detector/FinderPatternInfo
Event: 16.955 loading class java/awt/geom/Path2D$Float$TxIterator
Event: 16.955 loading class com/google/zxing/qrcode/detector/FinderPatternInfo done
Event: 16.955 loading class java/awt/geom/Path2D$Iterator
Event: 16.955 loading class java/awt/geom/PathIterator
Event: 16.955 loading class java/awt/geom/PathIterator done
Event: 16.955 loading class java/awt/geom/Path2D$Iterator done
Event: 16.955 loading class java/awt/geom/Path2D$Float$TxIterator done


Dynamic libraries:
0x000000000d511000 	/System/Library/Frameworks/Cocoa.framework/Versions/A/Cocoa
0x000000000d511000 	/System/Library/Frameworks/Security.framework/Versions/A/Security
0x000000000d511000 	/System/Library/Frameworks/ApplicationServices.framework/Versions/A/ApplicationServices
0x000000000d511000 	/usr/lib/libz.1.dylib
0x000000000d511000 	/usr/lib/libSystem.B.dylib
0x000000000d511000 	/usr/lib/libobjc.A.dylib
0x000000000d511000 	/System/Library/Frameworks/CoreFoundation.framework/Versions/A/CoreFoundation
0x000000000d511000 	/System/Library/Frameworks/Foundation.framework/Versions/C/Foundation
0x000000000d511000 	/System/Library/Frameworks/AppKit.framework/Versions/C/AppKit
0x000000000d511000 	/System/Library/Frameworks/CoreData.framework/Versions/A/CoreData
0x000000000d511000 	/System/Library/PrivateFrameworks/RemoteViewServices.framework/Versions/A/RemoteViewServices
0x000000000d511000 	/System/Library/PrivateFrameworks/UIFoundation.framework/Versions/A/UIFoundation
0x000000000d511000 	/System/Library/PrivateFrameworks/DFRFoundation.framework/Versions/A/DFRFoundation
0x000000000d511000 	/usr/lib/libenergytrace.dylib
0x000000000d511000 	/System/Library/PrivateFrameworks/SkyLight.framework/Versions/A/SkyLight
0x000000000d511000 	/System/Library/Frameworks/CoreGraphics.framework/Versions/A/CoreGraphics
0x000000000d511000 	/usr/lib/libScreenReader.dylib
0x000000000d511000 	/System/Library/Frameworks/Accelerate.framework/Versions/A/Accelerate
0x000000000d511000 	/System/Library/Frameworks/IOSurface.framework/Versions/A/IOSurface
0x000000000d511000 	/System/Library/Frameworks/AudioToolbox.framework/Versions/A/AudioToolbox
0x000000000d511000 	/System/Library/Frameworks/AudioUnit.framework/Versions/A/AudioUnit
0x000000000d511000 	/System/Library/PrivateFrameworks/DataDetectorsCore.framework/Versions/A/DataDetectorsCore
0x000000000d511000 	/System/Library/PrivateFrameworks/DesktopServicesPriv.framework/Versions/A/DesktopServicesPriv
0x000000000d511000 	/System/Library/Frameworks/Carbon.framework/Versions/A/Frameworks/HIToolbox.framework/Versions/A/HIToolbox
0x000000000d511000 	/usr/lib/libicucore.A.dylib
0x000000000d511000 	/System/Library/Frameworks/QuartzCore.framework/Versions/A/QuartzCore
0x000000000d511000 	/System/Library/Frameworks/Carbon.framework/Versions/A/Frameworks/SpeechRecognition.framework/Versions/A/SpeechRecognition
0x000000000d511000 	/usr/lib/libauto.dylib
0x000000000d511000 	/usr/lib/libxml2.2.dylib
0x000000000d511000 	/System/Library/PrivateFrameworks/CoreUI.framework/Versions/A/CoreUI
0x000000000d511000 	/System/Library/Frameworks/CoreAudio.framework/Versions/A/CoreAudio
0x000000000d511000 	/System/Library/Frameworks/DiskArbitration.framework/Versions/A/DiskArbitration
0x000000000d511000 	/usr/lib/liblangid.dylib
0x000000000d511000 	/System/Library/PrivateFrameworks/MultitouchSupport.framework/Versions/A/MultitouchSupport
0x000000000d511000 	/System/Library/Frameworks/IOKit.framework/Versions/A/IOKit
0x000000000d511000 	/usr/lib/libDiagnosticMessagesClient.dylib
0x000000000d511000 	/System/Library/Frameworks/CoreServices.framework/Versions/A/CoreServices
0x000000000d511000 	/System/Library/PrivateFrameworks/PerformanceAnalysis.framework/Versions/A/PerformanceAnalysis
0x000000000d511000 	/System/Library/PrivateFrameworks/GenerationalStorage.framework/Versions/A/GenerationalStorage
0x000000000d511000 	/System/Library/Frameworks/OpenGL.framework/Versions/A/OpenGL
0x000000000d511000 	/System/Library/Frameworks/CoreImage.framework/Versions/A/CoreImage
0x000000000d511000 	/System/Library/Frameworks/CoreText.framework/Versions/A/CoreText
0x000000000d511000 	/System/Library/Frameworks/ImageIO.framework/Versions/A/ImageIO
0x000000000d511000 	/System/Library/PrivateFrameworks/Backup.framework/Versions/A/Backup
0x000000000d511000 	/usr/lib/libarchive.2.dylib
0x000000000d511000 	/System/Library/Frameworks/CFNetwork.framework/Versions/A/CFNetwork
0x000000000d511000 	/System/Library/Frameworks/SystemConfiguration.framework/Versions/A/SystemConfiguration
0x000000000d511000 	/usr/lib/libCRFSuite.dylib
0x000000000d511000 	/usr/lib/libc++.1.dylib
0x000000000d511000 	/usr/lib/libc++abi.dylib
0x000000000d511000 	/usr/lib/system/libcache.dylib
0x000000000d511000 	/usr/lib/system/libcommonCrypto.dylib
0x000000000d511000 	/usr/lib/system/libcompiler_rt.dylib
0x000000000d511000 	/usr/lib/system/libcopyfile.dylib
0x000000000d511000 	/usr/lib/system/libcorecrypto.dylib
0x000000000d511000 	/usr/lib/system/libdispatch.dylib
0x000000000d511000 	/usr/lib/system/libdyld.dylib
0x000000000d511000 	/usr/lib/system/libkeymgr.dylib
0x000000000d511000 	/usr/lib/system/liblaunch.dylib
0x000000000d511000 	/usr/lib/system/libmacho.dylib
0x000000000d511000 	/usr/lib/system/libquarantine.dylib
0x000000000d511000 	/usr/lib/system/libremovefile.dylib
0x000000000d511000 	/usr/lib/system/libsystem_asl.dylib
0x000000000d511000 	/usr/lib/system/libsystem_blocks.dylib
0x000000000d511000 	/usr/lib/system/libsystem_c.dylib
0x000000000d511000 	/usr/lib/system/libsystem_configuration.dylib
0x000000000d511000 	/usr/lib/system/libsystem_coreservices.dylib
0x000000000d511000 	/usr/lib/system/libsystem_coretls.dylib
0x000000000d511000 	/usr/lib/system/libsystem_dnssd.dylib
0x000000000d511000 	/usr/lib/system/libsystem_info.dylib
0x000000000d511000 	/usr/lib/system/libsystem_kernel.dylib
0x000000000d511000 	/usr/lib/system/libsystem_m.dylib
0x000000000d511000 	/usr/lib/system/libsystem_malloc.dylib
0x000000000d511000 	/usr/lib/system/libsystem_network.dylib
0x000000000d511000 	/usr/lib/system/libsystem_networkextension.dylib
0x000000000d511000 	/usr/lib/system/libsystem_notify.dylib
0x000000000d511000 	/usr/lib/system/libsystem_platform.dylib
0x000000000d511000 	/usr/lib/system/libsystem_pthread.dylib
0x000000000d511000 	/usr/lib/system/libsystem_sandbox.dylib
0x000000000d511000 	/usr/lib/system/libsystem_secinit.dylib
0x000000000d511000 	/usr/lib/system/libsystem_symptoms.dylib
0x000000000d511000 	/usr/lib/system/libsystem_trace.dylib
0x000000000d511000 	/usr/lib/system/libunwind.dylib
0x000000000d511000 	/usr/lib/system/libxpc.dylib
0x000000000d511000 	/usr/lib/libbsm.0.dylib
0x000000000d511000 	/usr/lib/system/libkxld.dylib
0x000000000d511000 	/usr/lib/libcoretls.dylib
0x000000000d511000 	/usr/lib/libcoretls_cfhelpers.dylib
0x000000000d511000 	/usr/lib/libxar.1.dylib
0x000000000d511000 	/usr/lib/libsqlite3.dylib
0x000000000d511000 	/usr/lib/libpam.2.dylib
0x000000000d511000 	/usr/lib/libOpenScriptingUtil.dylib
0x000000000d511000 	/usr/lib/libbz2.1.0.dylib
0x000000000d511000 	/usr/lib/liblzma.5.dylib
0x000000000d511000 	/usr/lib/libnetwork.dylib
0x000000000d511000 	/usr/lib/libpcap.A.dylib
0x000000000d511000 	/System/Library/Frameworks/CoreServices.framework/Versions/A/Frameworks/FSEvents.framework/Versions/A/FSEvents
0x000000000d511000 	/System/Library/Frameworks/CoreServices.framework/Versions/A/Frameworks/CarbonCore.framework/Versions/A/CarbonCore
0x000000000d511000 	/System/Library/Frameworks/CoreServices.framework/Versions/A/Frameworks/Metadata.framework/Versions/A/Metadata
0x000000000d511000 	/System/Library/Frameworks/CoreServices.framework/Versions/A/Frameworks/OSServices.framework/Versions/A/OSServices
0x000000000d511000 	/System/Library/Frameworks/CoreServices.framework/Versions/A/Frameworks/SearchKit.framework/Versions/A/SearchKit
0x000000000d511000 	/System/Library/Frameworks/CoreServices.framework/Versions/A/Frameworks/AE.framework/Versions/A/AE
0x000000000d511000 	/System/Library/Frameworks/CoreServices.framework/Versions/A/Frameworks/LaunchServices.framework/Versions/A/LaunchServices
0x000000000d511000 	/System/Library/Frameworks/CoreServices.framework/Versions/A/Frameworks/DictionaryServices.framework/Versions/A/DictionaryServices
0x000000000d511000 	/System/Library/Frameworks/CoreServices.framework/Versions/A/Frameworks/SharedFileList.framework/Versions/A/SharedFileList
0x000000000d511000 	/System/Library/Frameworks/NetFS.framework/Versions/A/NetFS
0x000000000d511000 	/System/Library/PrivateFrameworks/NetAuth.framework/Versions/A/NetAuth
0x000000000d511000 	/System/Library/PrivateFrameworks/login.framework/Versions/A/Frameworks/loginsupport.framework/Versions/A/loginsupport
0x000000000d511000 	/System/Library/PrivateFrameworks/TCC.framework/Versions/A/TCC
0x000000000d511000 	/usr/lib/libmecabra.dylib
0x000000000d511000 	/System/Library/Frameworks/ApplicationServices.framework/Versions/A/Frameworks/ATS.framework/Versions/A/ATS
0x000000000d511000 	/System/Library/Frameworks/ApplicationServices.framework/Versions/A/Frameworks/ColorSync.framework/Versions/A/ColorSync
0x000000000d511000 	/System/Library/Frameworks/ApplicationServices.framework/Versions/A/Frameworks/HIServices.framework/Versions/A/HIServices
0x000000000d511000 	/System/Library/Frameworks/ApplicationServices.framework/Versions/A/Frameworks/LangAnalysis.framework/Versions/A/LangAnalysis
0x000000000d511000 	/System/Library/Frameworks/ApplicationServices.framework/Versions/A/Frameworks/PrintCore.framework/Versions/A/PrintCore
0x000000000d511000 	/System/Library/Frameworks/ApplicationServices.framework/Versions/A/Frameworks/QD.framework/Versions/A/QD
0x000000000d511000 	/System/Library/Frameworks/ApplicationServices.framework/Versions/A/Frameworks/SpeechSynthesis.framework/Versions/A/SpeechSynthesis
0x000000000d511000 	/System/Library/Frameworks/Accelerate.framework/Versions/A/Frameworks/vImage.framework/Versions/A/vImage
0x000000000d511000 	/System/Library/Frameworks/Accelerate.framework/Versions/A/Frameworks/vecLib.framework/Versions/A/vecLib
0x000000000d511000 	/System/Library/Frameworks/Accelerate.framework/Versions/A/Frameworks/vecLib.framework/Versions/A/libvDSP.dylib
0x000000000d511000 	/System/Library/Frameworks/Accelerate.framework/Versions/A/Frameworks/vecLib.framework/Versions/A/libBNNS.dylib
0x000000000d511000 	/System/Library/Frameworks/Accelerate.framework/Versions/A/Frameworks/vecLib.framework/Versions/A/libQuadrature.dylib
0x000000000d511000 	/System/Library/Frameworks/Accelerate.framework/Versions/A/Frameworks/vecLib.framework/Versions/A/libvMisc.dylib
0x000000000d511000 	/System/Library/Frameworks/Accelerate.framework/Versions/A/Frameworks/vecLib.framework/Versions/A/libLAPACK.dylib
0x000000000d511000 	/System/Library/Frameworks/Accelerate.framework/Versions/A/Frameworks/vecLib.framework/Versions/A/libBLAS.dylib
0x000000000d511000 	/System/Library/Frameworks/Accelerate.framework/Versions/A/Frameworks/vecLib.framework/Versions/A/libLinearAlgebra.dylib
0x000000000d511000 	/System/Library/Frameworks/Accelerate.framework/Versions/A/Frameworks/vecLib.framework/Versions/A/libSparseBLAS.dylib
0x000000000d511000 	/System/Library/Frameworks/ApplicationServices.framework/Versions/A/Frameworks/ATS.framework/Versions/A/Resources/libFontParser.dylib
0x000000000d511000 	/System/Library/Frameworks/ApplicationServices.framework/Versions/A/Frameworks/ATS.framework/Versions/A/Resources/libFontRegistry.dylib
0x000000000d511000 	/System/Library/Frameworks/ImageIO.framework/Versions/A/Resources/libJPEG.dylib
0x000000000d511000 	/System/Library/Frameworks/ImageIO.framework/Versions/A/Resources/libTIFF.dylib
0x000000000d511000 	/System/Library/Frameworks/ImageIO.framework/Versions/A/Resources/libPng.dylib
0x000000000d511000 	/System/Library/Frameworks/ImageIO.framework/Versions/A/Resources/libGIF.dylib
0x000000000d511000 	/System/Library/Frameworks/ImageIO.framework/Versions/A/Resources/libJP2.dylib
0x000000000d511000 	/System/Library/Frameworks/ImageIO.framework/Versions/A/Resources/libRadiance.dylib
0x000000000d511000 	/usr/lib/libcompression.dylib
0x000000000d511000 	/System/Library/PrivateFrameworks/AppleJPEG.framework/Versions/A/AppleJPEG
0x000000000d511000 	/usr/lib/libcups.2.dylib
0x000000000d511000 	/System/Library/Frameworks/Kerberos.framework/Versions/A/Kerberos
0x000000000d511000 	/System/Library/Frameworks/GSS.framework/Versions/A/GSS
0x000000000d511000 	/usr/lib/libresolv.9.dylib
0x000000000d511000 	/usr/lib/libiconv.2.dylib
0x000000000d511000 	/System/Library/PrivateFrameworks/Heimdal.framework/Versions/A/Heimdal
0x000000000d511000 	/usr/lib/libheimdal-asn1.dylib
0x000000000d511000 	/System/Library/Frameworks/OpenDirectory.framework/Versions/A/OpenDirectory
0x000000000d511000 	/System/Library/PrivateFrameworks/CommonAuth.framework/Versions/A/CommonAuth
0x000000000d511000 	/System/Library/Frameworks/OpenDirectory.framework/Versions/A/Frameworks/CFOpenDirectory.framework/Versions/A/CFOpenDirectory
0x000000000d511000 	/System/Library/Frameworks/SecurityFoundation.framework/Versions/A/SecurityFoundation
0x000000000d511000 	/System/Library/PrivateFrameworks/LanguageModeling.framework/Versions/A/LanguageModeling
0x000000000d511000 	/usr/lib/libmarisa.dylib
0x000000000d511000 	/usr/lib/libChineseTokenizer.dylib
0x000000000d511000 	/usr/lib/libcmph.dylib
0x000000000d511000 	/System/Library/PrivateFrameworks/CoreEmoji.framework/Versions/A/CoreEmoji
0x000000000d511000 	/System/Library/Frameworks/ServiceManagement.framework/Versions/A/ServiceManagement
0x000000000d511000 	/usr/lib/libxslt.1.dylib
0x000000000d511000 	/System/Library/Frameworks/Carbon.framework/Versions/A/Frameworks/Ink.framework/Versions/A/Ink
0x000000000d511000 	/System/Library/PrivateFrameworks/TextureIO.framework/Versions/A/TextureIO
0x000000000d511000 	/System/Library/Frameworks/Metal.framework/Versions/A/Metal
0x000000000d511000 	/usr/lib/libate.dylib
0x000000000d511000 	/System/Library/PrivateFrameworks/GPUCompiler.framework/libmetal_timestamp.dylib
0x000000000d511000 	/System/Library/Frameworks/OpenGL.framework/Versions/A/Libraries/libCoreFSCache.dylib
0x000000000d511000 	/System/Library/PrivateFrameworks/IOAccelerator.framework/Versions/A/IOAccelerator
0x000000000d511000 	/System/Library/Frameworks/CoreVideo.framework/Versions/A/CoreVideo
0x000000000d511000 	/usr/lib/libFosl_dynamic.dylib
0x000000000d511000 	/System/Library/PrivateFrameworks/MetalPerformanceShaders.framework/Versions/A/MetalPerformanceShaders
0x000000000d511000 	/System/Library/PrivateFrameworks/FaceCore.framework/Versions/A/FaceCore
0x000000000d511000 	/System/Library/Frameworks/OpenCL.framework/Versions/A/OpenCL
0x000000000d511000 	/System/Library/Frameworks/OpenGL.framework/Versions/A/Libraries/libGLU.dylib
0x000000000d511000 	/System/Library/Frameworks/OpenGL.framework/Versions/A/Libraries/libGFXShared.dylib
0x000000000d511000 	/System/Library/Frameworks/OpenGL.framework/Versions/A/Libraries/libGL.dylib
0x000000000d511000 	/System/Library/Frameworks/OpenGL.framework/Versions/A/Libraries/libGLImage.dylib
0x000000000d511000 	/System/Library/Frameworks/OpenGL.framework/Versions/A/Libraries/libCVMSPluginSupport.dylib
0x000000000d511000 	/System/Library/Frameworks/OpenGL.framework/Versions/A/Libraries/libCoreVMClient.dylib
0x000000000d511000 	/System/Library/PrivateFrameworks/CrashReporterSupport.framework/Versions/A/CrashReporterSupport
0x000000000d511000 	/System/Library/PrivateFrameworks/Sharing.framework/Versions/A/Sharing
0x000000000d511000 	/System/Library/PrivateFrameworks/IconServices.framework/Versions/A/IconServices
0x000000000d511000 	/System/Library/PrivateFrameworks/ProtocolBuffer.framework/Versions/A/ProtocolBuffer
0x000000000d511000 	/System/Library/PrivateFrameworks/Apple80211.framework/Versions/A/Apple80211
0x000000000d511000 	/System/Library/Frameworks/CoreWLAN.framework/Versions/A/CoreWLAN
0x000000000d511000 	/System/Library/PrivateFrameworks/CoreUtils.framework/Versions/A/CoreUtils
0x000000000d511000 	/System/Library/Frameworks/IOBluetooth.framework/Versions/A/IOBluetooth
0x000000000d511000 	/System/Library/PrivateFrameworks/CoreWiFi.framework/Versions/A/CoreWiFi
0x000000000d511000 	/System/Library/Frameworks/CoreBluetooth.framework/Versions/A/CoreBluetooth
0x000000000d511000 	/System/Library/Frameworks/CoreDisplay.framework/Versions/A/CoreDisplay
0x000000000d511000 	/System/Library/PrivateFrameworks/IOPresentment.framework/Versions/A/IOPresentment
0x000000000d511000 	/System/Library/PrivateFrameworks/DebugSymbols.framework/Versions/A/DebugSymbols
0x000000000d511000 	/System/Library/PrivateFrameworks/CoreSymbolication.framework/Versions/A/CoreSymbolication
0x000000000d511000 	/System/Library/PrivateFrameworks/Symbolication.framework/Versions/A/Symbolication
0x000000000d511000 	/System/Library/PrivateFrameworks/AppleFSCompression.framework/Versions/A/AppleFSCompression
0x000000000d511000 	/System/Library/PrivateFrameworks/SpeechRecognitionCore.framework/Versions/A/SpeechRecognitionCore
0x000000000d511000 	/System/Library/PrivateFrameworks/ChunkingLibrary.framework/Versions/A/ChunkingLibrary
0x0000000105600000 	/Library/Java/JavaVirtualMachines/jdk1.8.0_60.jdk/Contents/Home/jre/lib/server/libjvm.dylib
0x000000000d511000 	/usr/lib/libstdc++.6.dylib
0x000000010441e000 	/Library/Java/JavaVirtualMachines/jdk1.8.0_60.jdk/Contents/Home/jre/lib/libverify.dylib
0x000000010442c000 	/Library/Java/JavaVirtualMachines/jdk1.8.0_60.jdk/Contents/Home/jre/lib/libjava.dylib
0x000000010446b000 	/Library/Java/JavaVirtualMachines/jdk1.8.0_60.jdk/Contents/Home/jre/lib/libzip.dylib
0x000000010d9f9000 	/System/Library/Frameworks/JavaVM.framework/Frameworks/JavaRuntimeSupport.framework/JavaRuntimeSupport
0x00000001045e7000 	/System/Library/Frameworks/JavaVM.framework/Versions/A/Frameworks/JavaNativeFoundation.framework/Versions/A/JavaNativeFoundation
0x000000010da13000 	/System/Library/Frameworks/JavaVM.framework/Versions/A/JavaVM
0x000000000d511000 	/System/Library/Frameworks/Carbon.framework/Versions/A/Carbon
0x000000010da20000 	/System/Library/PrivateFrameworks/JavaLaunching.framework/Versions/A/JavaLaunching
0x000000000d511000 	/System/Library/Frameworks/Carbon.framework/Versions/A/Frameworks/CommonPanels.framework/Versions/A/CommonPanels
0x000000000d511000 	/System/Library/Frameworks/Carbon.framework/Versions/A/Frameworks/Help.framework/Versions/A/Help
0x000000000d511000 	/System/Library/Frameworks/Carbon.framework/Versions/A/Frameworks/ImageCapture.framework/Versions/A/ImageCapture
0x000000000d511000 	/System/Library/Frameworks/Carbon.framework/Versions/A/Frameworks/OpenScripting.framework/Versions/A/OpenScripting
0x000000000d511000 	/System/Library/Frameworks/Carbon.framework/Versions/A/Frameworks/Print.framework/Versions/A/Print
0x000000000d511000 	/System/Library/Frameworks/Carbon.framework/Versions/A/Frameworks/SecurityHI.framework/Versions/A/SecurityHI
0x000000010f3c0000 	/Library/Java/JavaVirtualMachines/jdk1.8.0_60.jdk/Contents/Home/jre/lib/libprism_es2.dylib
0x000000000d511000 	/System/Library/Frameworks/OpenGL.framework/Versions/A/Resources/GLEngine.bundle/GLEngine
0x000000000d511000 	/System/Library/Frameworks/OpenGL.framework/Versions/A/Libraries/libGLProgrammability.dylib
0x000000010f426000 	/System/Library/Extensions/AppleIntelHD4000GraphicsGLDriver.bundle/Contents/MacOS/AppleIntelHD4000GraphicsGLDriver
0x000000000d511000 	/System/Library/PrivateFrameworks/GPUSupport.framework/Versions/A/Libraries/libGPUSupportMercury.dylib
0x000000000d511000 	/System/Library/Extensions/GeForceGLDriver.bundle/Contents/MacOS/GeForceGLDriver
0x000000000d511000 	/System/Library/Extensions/GeForceGLDriver.bundle/Contents/MacOS/libclh.dylib
0x000000000d511000 	/System/Library/Frameworks/OpenGL.framework/Versions/A/Resources/GLRendererFloat.bundle/GLRendererFloat
0x000000000d511000 	/System/Library/Frameworks/OpenCL.framework/Versions/A/Libraries/libcldcpuengine.dylib
0x000000000d511000 	/usr/lib/libcrypto.0.9.8.dylib
0x000000000d511000 	/System/Library/PrivateFrameworks/TrustEvaluationAgent.framework/Versions/A/TrustEvaluationAgent
0x000000010fd3c000 	/Library/Java/JavaVirtualMachines/jdk1.8.0_60.jdk/Contents/Home/jre/lib/libglass.dylib
0x000000000d511000 	/System/Library/PrivateFrameworks/CoreServicesInternal.framework/Versions/A/CoreServicesInternal
0x000000000d511000 	/System/Library/CoreServices/RawCamera.bundle/Contents/MacOS/RawCamera
0x000000000d511000 	/System/Library/Frameworks/Accelerate.framework/Versions/A/Frameworks/vImage.framework/Versions/A/Libraries/libCGInterfaces.dylib
0x000000000d511000 	/System/Library/PrivateFrameworks/FamilyControls.framework/Versions/A/FamilyControls
0x000000000d511000 	/System/Library/PrivateFrameworks/CommerceKit.framework/Versions/A/Frameworks/CommerceCore.framework/Versions/A/CommerceCore
0x000000000d511000 	/System/Library/PrivateFrameworks/SystemAdministration.framework/Versions/A/SystemAdministration
0x000000000d511000 	/System/Library/PrivateFrameworks/AppContainer.framework/Versions/A/AppContainer
0x000000000d511000 	/System/Library/PrivateFrameworks/SecCodeWrapper.framework/Versions/A/SecCodeWrapper
0x000000000d511000 	/System/Library/Frameworks/DirectoryService.framework/Versions/A/DirectoryService
0x000000000d511000 	/System/Library/PrivateFrameworks/DiskImages.framework/Versions/A/DiskImages
0x000000000d511000 	/System/Library/PrivateFrameworks/LoginUIKit.framework/Versions/A/Frameworks/LoginUICore.framework/Versions/A/LoginUICore
0x000000000d511000 	/usr/lib/libCoreStorage.dylib
0x000000000d511000 	/usr/lib/libcsfde.dylib
0x000000000d511000 	/usr/lib/libodfde.dylib
0x000000000d511000 	/System/Library/Frameworks/DiscRecording.framework/Versions/A/DiscRecording
0x000000000d511000 	/usr/lib/libcurl.4.dylib
0x000000000d511000 	/System/Library/PrivateFrameworks/MediaKit.framework/Versions/A/MediaKit
0x000000000d511000 	/System/Library/PrivateFrameworks/ProtectedCloudStorage.framework/Versions/A/ProtectedCloudStorage
0x000000000d511000 	/System/Library/PrivateFrameworks/EFILogin.framework/Versions/A/EFILogin
0x000000000d511000 	/usr/lib/libutil.dylib
0x000000000d511000 	/System/Library/Frameworks/LDAP.framework/Versions/A/LDAP
0x000000000d511000 	/usr/lib/libsasl2.2.dylib
0x000000000d511000 	/System/Library/PrivateFrameworks/CoreDaemon.framework/Versions/B/CoreDaemon
0x000000000d511000 	/System/Library/PrivateFrameworks/AppleSRP.framework/Versions/A/AppleSRP
0x000000000d511000 	/System/Library/PrivateFrameworks/APFS.framework/Versions/A/APFS
0x0000000122522000 	/usr/local/Cellar/opencv3/HEAD-47c4dcc/share/OpenCV/java/libopencv_java320.dylib
0x000000012263c000 	/usr/local/Cellar/opencv3/HEAD-47c4dcc/lib/libopencv_photo.3.2.dylib
0x00000001226ff000 	/usr/local/Cellar/opencv3/HEAD-47c4dcc/lib/libopencv_bioinspired.3.2.dylib
0x0000000122746000 	/usr/local/Cellar/opencv3/HEAD-47c4dcc/lib/libopencv_tracking.3.2.dylib
0x0000000122a6f000 	/usr/local/Cellar/opencv3/HEAD-47c4dcc/lib/libopencv_xfeatures2d.3.2.dylib
0x0000000122d59000 	/usr/local/Cellar/opencv3/HEAD-47c4dcc/lib/libopencv_aruco.3.2.dylib
0x0000000122db4000 	/usr/local/Cellar/opencv3/HEAD-47c4dcc/lib/libopencv_structured_light.3.2.dylib
0x0000000122dcd000 	/usr/local/Cellar/opencv3/HEAD-47c4dcc/lib/libopencv_dnn.3.2.dylib
0x00000001230ad000 	/usr/local/Cellar/opencv3/HEAD-47c4dcc/lib/libopencv_plot.3.2.dylib
0x00000001230b9000 	/usr/local/Cellar/opencv3/HEAD-47c4dcc/lib/libopencv_datasets.3.2.dylib
0x0000000123118000 	/usr/local/Cellar/opencv3/HEAD-47c4dcc/lib/libopencv_face.3.2.dylib
0x000000012313d000 	/usr/local/Cellar/opencv3/HEAD-47c4dcc/lib/libopencv_objdetect.3.2.dylib
0x00000001231a8000 	/usr/local/Cellar/opencv3/HEAD-47c4dcc/lib/libopencv_text.3.2.dylib
0x00000001232e2000 	/usr/local/Cellar/opencv3/HEAD-47c4dcc/lib/libopencv_shape.3.2.dylib
0x0000000123311000 	/usr/local/Cellar/opencv3/HEAD-47c4dcc/lib/libopencv_video.3.2.dylib
0x0000000123373000 	/usr/local/Cellar/opencv3/HEAD-47c4dcc/lib/libopencv_phase_unwrapping.3.2.dylib
0x000000012337f000 	/usr/local/Cellar/opencv3/HEAD-47c4dcc/lib/libopencv_rgbd.3.2.dylib
0x000000012340a000 	/usr/local/Cellar/opencv3/HEAD-47c4dcc/lib/libopencv_calib3d.3.2.dylib
0x00000001235a7000 	/usr/local/Cellar/opencv3/HEAD-47c4dcc/lib/libopencv_features2d.3.2.dylib
0x000000012364d000 	/usr/local/Cellar/opencv3/HEAD-47c4dcc/lib/libopencv_flann.3.2.dylib
0x00000001236ae000 	/usr/local/Cellar/opencv3/HEAD-47c4dcc/lib/libopencv_ml.3.2.dylib
0x0000000123750000 	/usr/local/Cellar/opencv3/HEAD-47c4dcc/lib/libopencv_highgui.3.2.dylib
0x0000000123760000 	/usr/local/Cellar/opencv3/HEAD-47c4dcc/lib/libopencv_videoio.3.2.dylib
0x0000000123783000 	/usr/local/Cellar/opencv3/HEAD-47c4dcc/lib/libopencv_imgcodecs.3.2.dylib
0x0000000123813000 	/usr/local/Cellar/opencv3/HEAD-47c4dcc/lib/libopencv_imgproc.3.2.dylib
0x00000001248f3000 	/usr/local/Cellar/opencv3/HEAD-47c4dcc/lib/libopencv_core.3.2.dylib
0x000000000d511000 	/System/Library/Frameworks/AVFoundation.framework/Versions/A/AVFoundation
0x000000000d511000 	/System/Library/Frameworks/CoreMedia.framework/Versions/A/CoreMedia
0x0000000125156000 	/usr/local/opt/jpeg/lib/libjpeg.8.dylib
0x0000000125188000 	/usr/local/opt/libpng/lib/libpng16.16.dylib
0x00000001251b4000 	/usr/local/opt/libtiff/lib/libtiff.5.dylib
0x000000012521a000 	/usr/local/opt/ilmbase/lib/libImath-2_2.12.dylib
0x0000000125229000 	/usr/local/opt/openexr/lib/libIlmImf-2_2.22.dylib
0x000000012550e000 	/usr/local/opt/ilmbase/lib/libIex-2_2.12.dylib
0x0000000125520000 	/usr/local/opt/ilmbase/lib/libHalf.12.dylib
0x0000000125564000 	/usr/local/opt/ilmbase/lib/libIlmThread-2_2.12.dylib
0x000000012556c000 	/usr/local/opt/ilmbase/lib/libIexMath-2_2.12.dylib
0x000000000d511000 	/System/Library/Frameworks/AVFoundation.framework/Versions/A/Frameworks/AVFAudio.framework/Versions/A/AVFAudio
0x000000000d511000 	/System/Library/Frameworks/MediaToolbox.framework/Versions/A/MediaToolbox
0x000000000d511000 	/System/Library/Frameworks/VideoToolbox.framework/Versions/A/VideoToolbox
0x000000000d511000 	/System/Library/PrivateFrameworks/IntlPreferences.framework/Versions/A/IntlPreferences
0x000000000d511000 	/System/Library/Frameworks/CoreMediaIO.framework/Versions/A/CoreMediaIO
0x000000000d511000 	/usr/lib/libspindump.dylib
0x000000000d511000 	/usr/lib/libdscsym.dylib
0x000000000d511000 	/System/Library/PrivateFrameworks/CoreAVCHD.framework/Versions/A/CoreAVCHD
0x000000000d511000 	/System/Library/Frameworks/MediaAccessibility.framework/Versions/A/MediaAccessibility
0x000000000d511000 	/System/Library/PrivateFrameworks/Mangrove.framework/Versions/A/Mangrove
0x000000000d511000 	/System/Library/PrivateFrameworks/CoreAUC.framework/Versions/A/CoreAUC
0x000000000d511000 	/System/Library/PrivateFrameworks/AppleVA.framework/Versions/A/AppleVA
0x000000000d511000 	/System/Library/PrivateFrameworks/XPCService.framework/Versions/A/XPCService
0x000000000d511000 	/System/Library/PrivateFrameworks/AppSandbox.framework/Versions/A/AppSandbox
0x000000000d511000 	/usr/lib/libsandbox.1.dylib
0x000000000d511000 	/usr/lib/libMatch.1.dylib
0x0000000125571000 	/Library/Java/JavaVirtualMachines/jdk1.8.0_60.jdk/Contents/Home/jre/lib/libnet.dylib
0x000000000d511000 	/System/Library/Frameworks/ApplicationServices.framework/Versions/A/Frameworks/ATS.framework/Versions/A/Resources/libTrueTypeScaler.dylib
0x000000000d511000 	/System/Library/Extensions/GeForceMTLDriver.bundle/Contents/MacOS/GeForceMTLDriver
0x00000001264f3000 	/System/Library/Extensions/AppleIntelHD4000GraphicsMTLDriver.bundle/Contents/MacOS/AppleIntelHD4000GraphicsMTLDriver
0x000000000d511000 	/System/Library/PrivateFrameworks/ViewBridge.framework/Versions/A/ViewBridge
0x0000000126ad1000 	/Library/Java/JavaVirtualMachines/jdk1.8.0_60.jdk/Contents/Home/jre/lib/libawt.dylib
0x0000000126b79000 	/Library/Java/JavaVirtualMachines/jdk1.8.0_60.jdk/Contents/Home/jre/lib/./libmlib_image.dylib
0x0000000126c45000 	/Library/Java/JavaVirtualMachines/jdk1.8.0_60.jdk/Contents/Home/jre/lib/libawt_lwawt.dylib
0x0000000126cfa000 	/Library/Java/JavaVirtualMachines/jdk1.8.0_60.jdk/Contents/Home/jre/lib/./libosxapp.dylib
0x000000000d511000 	/System/Library/Frameworks/ExceptionHandling.framework/Versions/A/ExceptionHandling
0x0000000126e11000 	/Library/Java/JavaVirtualMachines/jdk1.8.0_60.jdk/Contents/Home/jre/lib/libfontmanager.dylib
0x00000001264c8000 	/Library/Java/JavaVirtualMachines/jdk1.8.0_60.jdk/Contents/Home/jre/lib/libosxui.dylib
0x0000000128561000 	/private/var/folders/6_/tbgkj7k12wldztb0z9g66vm00000gn/T/xuggle/xuggle4231003575053208725.tmp
0x000000012a6c3000 	/System/Library/Frameworks/VideoDecodeAcceleration.framework/Versions/A/VideoDecodeAcceleration
0x000000012ab63000 	/Library/Java/JavaVirtualMachines/jdk1.8.0_60.jdk/Contents/Home/jre/lib/libnio.dylib
0x00000001569d8000 	/Library/Java/JavaVirtualMachines/jdk1.8.0_60.jdk/Contents/Home/jre/lib/libjavafx_font.dylib
0x0000000156fea000 	/Library/Java/JavaVirtualMachines/jdk1.8.0_60.jdk/Contents/Home/jre/lib/libprism_common.dylib
0x00000001631c1000 	/Library/Java/JavaVirtualMachines/jdk1.8.0_60.jdk/Contents/Home/jre/lib/libdcpr.dylib

VM Arguments:
jvm_args: -Djava.library.path=/usr/local/Cellar/opencv3/HEAD-47c4dcc/share/OpenCV/java:/usr/local/Cellar/opencv3/HEAD-47c4dcc/share/OpenCV/java/opencv-320.jar -Dfile.encoding=UTF-8 
java_command: application.Main
java_class_path (initial): /Users/sebastianhansen/Documents/workspace/Gruppe19_CDIODRONE/bin:/Users/sebastianhansen/Documents/workspace/Gruppe19_CDIODRONE/lib/core.jar:/Users/sebastianhansen/Documents/workspace/Gruppe19_CDIODRONE/lib/xuggle-xuggler-5.4.jar:/Users/sebastianhansen/Documents/workspace/Gruppe19_CDIODRONE/lib/slf4j-api-1.7.2.jar:/Users/sebastianhansen/Documents/workspace/Gruppe19_CDIODRONE/lib/slf4j-jdk14-1.7.2.jar:/Users/sebastianhansen/Documents/workspace/Gruppe19_CDIODRONE/lib/jfreechart-1.0.13.jar:/Users/sebastianhansen/Documents/workspace/Gruppe19_CDIODRONE/lib/jcommon-1.0.16.jar:/Users/sebastianhansen/Documents/workspace/Gruppe19_CDIODRONE/lib/commons-net-3.2.jar:/Users/sebastianhansen/Documents/workspace/Gruppe19_CDIODRONE/lib/reflections/guava-11.0.2.jar:/Users/sebastianhansen/Documents/workspace/Gruppe19_CDIODRONE/lib/reflections/javassist-3.16.1-GA.jar:/Users/sebastianhansen/Documents/workspace/Gruppe19_CDIODRONE/lib/reflections/reflections-0.9.9-RC1.jar:/Users/sebastianhansen/Documents/workspace/Gruppe19_CDIODRONE/lib/zxing/core-2.2.jar:/Users/sebastianhansen/Documents/workspace/Gruppe19_CDIODRONE/lib/zxing/javase-2.2.jar:/Users/sebastianhansen/.eclipse/org.eclipse.platform_4.6.2_2045507486_macosx_cocoa_x86_64/plugins/org.eclipse.fx.ide.css.jfx8_2.4.0.201605112122.jar:/usr/local/Cellar/opencv3/HEAD-47c4dcc/share/OpenCV/java/opencv-320.jar
Launcher Type: SUN_STANDARD

Environment Variables:
PATH=/usr/bin:/bin:/usr/sbin:/sbin
SHELL=/bin/bash

Signal Handlers:
SIGSEGV: [libjvm.dylib+0x5a6d31], sa_mask[0]=11111111011111110111111111111111, sa_flags=SA_ONSTACK|SA_RESTART|SA_SIGINFO
SIGBUS: [libjvm.dylib+0x5a6d31], sa_mask[0]=11111111011111110111111111111111, sa_flags=SA_RESTART|SA_SIGINFO
SIGFPE: [libjvm.dylib+0x480a4c], sa_mask[0]=11111111011111110111111111111111, sa_flags=SA_RESTART|SA_SIGINFO
SIGPIPE: [libjvm.dylib+0x480a4c], sa_mask[0]=11111111011111110111111111111111, sa_flags=SA_RESTART|SA_SIGINFO
SIGXFSZ: [libjvm.dylib+0x480a4c], sa_mask[0]=11111111011111110111111111111111, sa_flags=SA_RESTART|SA_SIGINFO
SIGILL: [libjvm.dylib+0x480a4c], sa_mask[0]=11111111011111110111111111111111, sa_flags=SA_RESTART|SA_SIGINFO
SIGUSR1: SIG_DFL, sa_mask[0]=00000000000000000000000000000000, sa_flags=none
SIGUSR2: [libjvm.dylib+0x48056a], sa_mask[0]=00100000000000000000000000000000, sa_flags=SA_RESTART|SA_SIGINFO
SIGHUP: [libjvm.dylib+0x47eb41], sa_mask[0]=11111111011111110111111111111111, sa_flags=SA_RESTART|SA_SIGINFO
SIGINT: [libjvm.dylib+0x47eb41], sa_mask[0]=11111111011111110111111111111111, sa_flags=SA_RESTART|SA_SIGINFO
SIGTERM: [libjvm.dylib+0x47eb41], sa_mask[0]=11111111011111110111111111111111, sa_flags=SA_RESTART|SA_SIGINFO
SIGQUIT: [libjvm.dylib+0x47eb41], sa_mask[0]=11111111011111110111111111111111, sa_flags=SA_RESTART|SA_SIGINFO


---------------  S Y S T E M  ---------------

OS:Bsduname:Darwin 16.3.0 Darwin Kernel Version 16.3.0: Thu Nov 17 20:23:58 PST 2016; root:xnu-3789.31.2~1/RELEASE_X86_64 x86_64
rlimit: STACK 8192k, CORE 0k, NPROC 709, NOFILE 10240, AS infinity
load average:3.21 2.90 2.55

CPU:total 8 (4 cores per cpu, 2 threads per core) family 6 model 58 stepping 9, cmov, cx8, fxsr, mmx, sse, sse2, sse3, ssse3, sse4.1, sse4.2, popcnt, avx, aes, clmul, erms, ht, tsc, tscinvbit, tscinv

Memory: 4k page, physical 8388608k(1649620k free)

/proc/meminfo:


vm_info: Java HotSpot(TM) 64-Bit Server VM (25.60-b23) for bsd-amd64 JRE (1.8.0_60-b27), built on Aug  4 2015 10:47:24 by "java_re" with gcc 4.2.1 (Based on Apple Inc. build 5658) (LLVM build 2336.11.00)

time: Tue Jun 13 16:54:06 2017
elapsed time: 16 seconds (0d 0h 0m 16s)

